Performing C SOURCE FILE Test CMAKE_HAVE_LIBC_PTHREAD failed with the following output:
Change Dir: /home/infty/rk3588/rknn_prj/my_prj/build/CMakeFiles/CMakeTmp

Run Build Command(s):/usr/bin/gmake -f Makefile cmTC_4efe2/fast && /usr/bin/gmake  -f CMakeFiles/cmTC_4efe2.dir/build.make CMakeFiles/cmTC_4efe2.dir/build
gmake[1]: Entering directory '/home/infty/rk3588/rknn_prj/my_prj/build/CMakeFiles/CMakeTmp'
Building C object CMakeFiles/cmTC_4efe2.dir/src.c.o
/home/infty/rk3588/rknn_prj/gcc-linaro-6.3.1-2017.05-x86_64_aarch64-linux-gnu/bin/aarch64-linux-gnu-gcc -DCMAKE_HAVE_LIBC_PTHREAD   -o CMakeFiles/cmTC_4efe2.dir/src.c.o -c /home/infty/rk3588/rknn_prj/my_prj/build/CMakeFiles/CMakeTmp/src.c
Linking C executable cmTC_4efe2
/usr/bin/cmake -E cmake_link_script CMakeFiles/cmTC_4efe2.dir/link.txt --verbose=1
/home/infty/rk3588/rknn_prj/gcc-linaro-6.3.1-2017.05-x86_64_aarch64-linux-gnu/bin/aarch64-linux-gnu-gcc CMakeFiles/cmTC_4efe2.dir/src.c.o -o cmTC_4efe2 
CMakeFiles/cmTC_4efe2.dir/src.c.o: In function `main':
src.c:(.text+0x34): undefined reference to `pthread_create'
src.c:(.text+0x3c): undefined reference to `pthread_detach'
src.c:(.text+0x44): undefined reference to `pthread_cancel'
src.c:(.text+0x50): undefined reference to `pthread_join'
src.c:(.text+0x60): undefined reference to `pthread_atfork'
collect2: error: ld returned 1 exit status
gmake[1]: *** [CMakeFiles/cmTC_4efe2.dir/build.make:99: cmTC_4efe2] Error 1
gmake[1]: Leaving directory '/home/infty/rk3588/rknn_prj/my_prj/build/CMakeFiles/CMakeTmp'
gmake: *** [Makefile:127: cmTC_4efe2/fast] Error 2


Source file was:
#include <pthread.h>

static void* test_func(void* data)
{
  return data;
}

int main(void)
{
  pthread_t thread;
  pthread_create(&thread, NULL, test_func, NULL);
  pthread_detach(thread);
  pthread_cancel(thread);
  pthread_join(thread, NULL);
  pthread_atfork(NULL, NULL, NULL);
  pthread_exit(NULL);

  return 0;
}

