The target system is: Linux -  - aarch64
The host system is: Linux - 6.8.0-49-generic - x86_64
Compiling the C compiler identification source file "CMakeCCompilerId.c" succeeded.
Compiler: /home/infty/rk3588/rknn_prj/gcc-linaro-6.3.1-2017.05-x86_64_aarch64-linux-gnu/bin/aarch64-linux-gnu-gcc 
Build flags: 
Id flags:  

The output was:
0


Compilation of the C compiler identification source "CMakeCCompilerId.c" produced "a.out"

The C compiler identification is GNU, found in "/home/infty/rk3588/rknn_prj/my_prj/build/CMakeFiles/3.22.1/CompilerIdC/a.out"

Compiling the CXX compiler identification source file "CMakeCXXCompilerId.cpp" succeeded.
Compiler: /home/infty/rk3588/rknn_prj/gcc-linaro-6.3.1-2017.05-x86_64_aarch64-linux-gnu/bin/aarch64-linux-gnu-g++ 
Build flags: 
Id flags:  

The output was:
0


Compilation of the CXX compiler identification source "CMakeCXXCompilerId.cpp" produced "a.out"

The CXX compiler identification is GNU, found in "/home/infty/rk3588/rknn_prj/my_prj/build/CMakeFiles/3.22.1/CompilerIdCXX/a.out"

Detecting C compiler ABI info compiled with the following output:
Change Dir: /home/infty/rk3588/rknn_prj/my_prj/build/CMakeFiles/CMakeTmp

Run Build Command(s):/usr/bin/gmake -f Makefile cmTC_f1b72/fast && /usr/bin/gmake  -f CMakeFiles/cmTC_f1b72.dir/build.make CMakeFiles/cmTC_f1b72.dir/build
gmake[1]: Entering directory '/home/infty/rk3588/rknn_prj/my_prj/build/CMakeFiles/CMakeTmp'
Building C object CMakeFiles/cmTC_f1b72.dir/CMakeCCompilerABI.c.o
/home/infty/rk3588/rknn_prj/gcc-linaro-6.3.1-2017.05-x86_64_aarch64-linux-gnu/bin/aarch64-linux-gnu-gcc   -v -o CMakeFiles/cmTC_f1b72.dir/CMakeCCompilerABI.c.o -c /usr/share/cmake-3.22/Modules/CMakeCCompilerABI.c
Using built-in specs.
COLLECT_GCC=/home/infty/rk3588/rknn_prj/gcc-linaro-6.3.1-2017.05-x86_64_aarch64-linux-gnu/bin/aarch64-linux-gnu-gcc
Target: aarch64-linux-gnu
Configured with: '/home/tcwg-buildslave/workspace/tcwg-make-release/builder_arch/amd64/label/tcwg-x86_64-build/target/aarch64-linux-gnu/snapshots/gcc.git~linaro-6.3-2017.05/configure' SHELL=/bin/bash --with-mpc=/home/tcwg-buildslave/workspace/tcwg-make-release/builder_arch/amd64/label/tcwg-x86_64-build/target/aarch64-linux-gnu/_build/builds/destdir/x86_64-unknown-linux-gnu --with-mpfr=/home/tcwg-buildslave/workspace/tcwg-make-release/builder_arch/amd64/label/tcwg-x86_64-build/target/aarch64-linux-gnu/_build/builds/destdir/x86_64-unknown-linux-gnu --with-gmp=/home/tcwg-buildslave/workspace/tcwg-make-release/builder_arch/amd64/label/tcwg-x86_64-build/target/aarch64-linux-gnu/_build/builds/destdir/x86_64-unknown-linux-gnu --with-gnu-as --with-gnu-ld --disable-libmudflap --enable-lto --enable-shared --without-included-gettext --enable-nls --disable-sjlj-exceptions --enable-gnu-unique-object --enable-linker-build-id --disable-libstdcxx-pch --enable-c99 --enable-clocale=gnu --enable-libstdcxx-debug --enable-long-long --with-cloog=no --with-ppl=no --with-isl=no --disable-multilib --enable-fix-cortex-a53-835769 --enable-fix-cortex-a53-843419 --with-arch=armv8-a --enable-threads=posix --enable-multiarch --enable-libstdcxx-time=yes --enable-gnu-indirect-function --with-build-sysroot=/home/tcwg-buildslave/workspace/tcwg-make-release/builder_arch/amd64/label/tcwg-x86_64-build/target/aarch64-linux-gnu/_build/sysroots/aarch64-linux-gnu --with-sysroot=/home/tcwg-buildslave/workspace/tcwg-make-release/builder_arch/amd64/label/tcwg-x86_64-build/target/aarch64-linux-gnu/_build/builds/destdir/x86_64-unknown-linux-gnu/aarch64-linux-gnu/libc --enable-checking=release --disable-bootstrap --enable-languages=c,c++,fortran,lto --build=x86_64-unknown-linux-gnu --host=x86_64-unknown-linux-gnu --target=aarch64-linux-gnu --prefix=/home/tcwg-buildslave/workspace/tcwg-make-release/builder_arch/amd64/label/tcwg-x86_64-build/target/aarch64-linux-gnu/_build/builds/destdir/x86_64-unknown-linux-gnu
Thread model: posix
gcc version 6.3.1 20170404 (Linaro GCC 6.3-2017.05) 
COLLECT_GCC_OPTIONS='-v' '-o' 'CMakeFiles/cmTC_f1b72.dir/CMakeCCompilerABI.c.o' '-c' '-march=armv8-a' '-mlittle-endian' '-mabi=lp64'
 /home/infty/rk3588/rknn_prj/gcc-linaro-6.3.1-2017.05-x86_64_aarch64-linux-gnu/bin/../libexec/gcc/aarch64-linux-gnu/6.3.1/cc1 -quiet -v -imultiarch aarch64-linux-gnu -iprefix /home/infty/rk3588/rknn_prj/gcc-linaro-6.3.1-2017.05-x86_64_aarch64-linux-gnu/bin/../lib/gcc/aarch64-linux-gnu/6.3.1/ -isysroot /home/infty/rk3588/rknn_prj/gcc-linaro-6.3.1-2017.05-x86_64_aarch64-linux-gnu/bin/../aarch64-linux-gnu/libc /usr/share/cmake-3.22/Modules/CMakeCCompilerABI.c -quiet -dumpbase CMakeCCompilerABI.c -march=armv8-a -mlittle-endian -mabi=lp64 -auxbase-strip CMakeFiles/cmTC_f1b72.dir/CMakeCCompilerABI.c.o -version -o /tmp/cctLfDJm.s
GNU C11 (Linaro GCC 6.3-2017.05) version 6.3.1 20170404 (aarch64-linux-gnu)
	compiled by GNU C version 4.8.4, GMP version 6.1.0, MPFR version 3.1.4, MPC version 1.0.3, isl version none
GGC heuristics: --param ggc-min-expand=100 --param ggc-min-heapsize=131072
ignoring duplicate directory "/home/infty/rk3588/rknn_prj/gcc-linaro-6.3.1-2017.05-x86_64_aarch64-linux-gnu/bin/../lib/gcc/../../lib/gcc/aarch64-linux-gnu/6.3.1/include"
ignoring nonexistent directory "/home/infty/rk3588/rknn_prj/gcc-linaro-6.3.1-2017.05-x86_64_aarch64-linux-gnu/bin/../aarch64-linux-gnu/libc/usr/local/include/aarch64-linux-gnu"
ignoring nonexistent directory "/home/infty/rk3588/rknn_prj/gcc-linaro-6.3.1-2017.05-x86_64_aarch64-linux-gnu/bin/../aarch64-linux-gnu/libc/usr/local/include"
ignoring duplicate directory "/home/infty/rk3588/rknn_prj/gcc-linaro-6.3.1-2017.05-x86_64_aarch64-linux-gnu/bin/../lib/gcc/../../lib/gcc/aarch64-linux-gnu/6.3.1/include-fixed"
ignoring duplicate directory "/home/infty/rk3588/rknn_prj/gcc-linaro-6.3.1-2017.05-x86_64_aarch64-linux-gnu/bin/../lib/gcc/../../lib/gcc/aarch64-linux-gnu/6.3.1/../../../../aarch64-linux-gnu/include"
ignoring nonexistent directory "/home/infty/rk3588/rknn_prj/gcc-linaro-6.3.1-2017.05-x86_64_aarch64-linux-gnu/bin/../aarch64-linux-gnu/libc/usr/include/aarch64-linux-gnu"
#include "..." search starts here:
#include <...> search starts here:
 /home/infty/rk3588/rknn_prj/gcc-linaro-6.3.1-2017.05-x86_64_aarch64-linux-gnu/bin/../lib/gcc/aarch64-linux-gnu/6.3.1/include
 /home/infty/rk3588/rknn_prj/gcc-linaro-6.3.1-2017.05-x86_64_aarch64-linux-gnu/bin/../lib/gcc/aarch64-linux-gnu/6.3.1/include-fixed
 /home/infty/rk3588/rknn_prj/gcc-linaro-6.3.1-2017.05-x86_64_aarch64-linux-gnu/bin/../lib/gcc/aarch64-linux-gnu/6.3.1/../../../../aarch64-linux-gnu/include
 /home/infty/rk3588/rknn_prj/gcc-linaro-6.3.1-2017.05-x86_64_aarch64-linux-gnu/bin/../aarch64-linux-gnu/libc/usr/include
End of search list.
GNU C11 (Linaro GCC 6.3-2017.05) version 6.3.1 20170404 (aarch64-linux-gnu)
	compiled by GNU C version 4.8.4, GMP version 6.1.0, MPFR version 3.1.4, MPC version 1.0.3, isl version none
GGC heuristics: --param ggc-min-expand=100 --param ggc-min-heapsize=131072
Compiler executable checksum: c4df130d98804e26920c632548e1fa40
COLLECT_GCC_OPTIONS='-v' '-o' 'CMakeFiles/cmTC_f1b72.dir/CMakeCCompilerABI.c.o' '-c' '-march=armv8-a' '-mlittle-endian' '-mabi=lp64'
 /home/infty/rk3588/rknn_prj/gcc-linaro-6.3.1-2017.05-x86_64_aarch64-linux-gnu/bin/../lib/gcc/aarch64-linux-gnu/6.3.1/../../../../aarch64-linux-gnu/bin/as -v -EL -march=armv8-a -mabi=lp64 -o CMakeFiles/cmTC_f1b72.dir/CMakeCCompilerABI.c.o /tmp/cctLfDJm.s
GNU assembler version 2.27.0 (aarch64-linux-gnu) using BFD version (Linaro_Binutils-2017.05) 2.27.0.20161019
COMPILER_PATH=/home/infty/rk3588/rknn_prj/gcc-linaro-6.3.1-2017.05-x86_64_aarch64-linux-gnu/bin/../libexec/gcc/aarch64-linux-gnu/6.3.1/:/home/infty/rk3588/rknn_prj/gcc-linaro-6.3.1-2017.05-x86_64_aarch64-linux-gnu/bin/../libexec/gcc/aarch64-linux-gnu/:/home/infty/rk3588/rknn_prj/gcc-linaro-6.3.1-2017.05-x86_64_aarch64-linux-gnu/bin/../libexec/gcc/:/home/infty/rk3588/rknn_prj/gcc-linaro-6.3.1-2017.05-x86_64_aarch64-linux-gnu/bin/../lib/gcc/aarch64-linux-gnu/6.3.1/../../../../aarch64-linux-gnu/bin/
LIBRARY_PATH=/home/infty/rk3588/rknn_prj/gcc-linaro-6.3.1-2017.05-x86_64_aarch64-linux-gnu/bin/../lib/gcc/aarch64-linux-gnu/6.3.1/:/home/infty/rk3588/rknn_prj/gcc-linaro-6.3.1-2017.05-x86_64_aarch64-linux-gnu/bin/../lib/gcc/aarch64-linux-gnu/:/home/infty/rk3588/rknn_prj/gcc-linaro-6.3.1-2017.05-x86_64_aarch64-linux-gnu/bin/../lib/gcc/:/home/infty/rk3588/rknn_prj/gcc-linaro-6.3.1-2017.05-x86_64_aarch64-linux-gnu/bin/../lib/gcc/aarch64-linux-gnu/6.3.1/../../../../aarch64-linux-gnu/lib/../lib64/:/home/infty/rk3588/rknn_prj/gcc-linaro-6.3.1-2017.05-x86_64_aarch64-linux-gnu/bin/../lib/gcc/aarch64-linux-gnu/6.3.1/../../../../aarch64-linux-gnu/lib/:/home/infty/rk3588/rknn_prj/gcc-linaro-6.3.1-2017.05-x86_64_aarch64-linux-gnu/bin/../aarch64-linux-gnu/libc/lib/:/home/infty/rk3588/rknn_prj/gcc-linaro-6.3.1-2017.05-x86_64_aarch64-linux-gnu/bin/../aarch64-linux-gnu/libc/usr/lib/
COLLECT_GCC_OPTIONS='-v' '-o' 'CMakeFiles/cmTC_f1b72.dir/CMakeCCompilerABI.c.o' '-c' '-march=armv8-a' '-mlittle-endian' '-mabi=lp64'
Linking C executable cmTC_f1b72
/usr/bin/cmake -E cmake_link_script CMakeFiles/cmTC_f1b72.dir/link.txt --verbose=1
/home/infty/rk3588/rknn_prj/gcc-linaro-6.3.1-2017.05-x86_64_aarch64-linux-gnu/bin/aarch64-linux-gnu-gcc  -v CMakeFiles/cmTC_f1b72.dir/CMakeCCompilerABI.c.o -o cmTC_f1b72 
Using built-in specs.
COLLECT_GCC=/home/infty/rk3588/rknn_prj/gcc-linaro-6.3.1-2017.05-x86_64_aarch64-linux-gnu/bin/aarch64-linux-gnu-gcc
COLLECT_LTO_WRAPPER=/home/infty/rk3588/rknn_prj/gcc-linaro-6.3.1-2017.05-x86_64_aarch64-linux-gnu/bin/../libexec/gcc/aarch64-linux-gnu/6.3.1/lto-wrapper
Target: aarch64-linux-gnu
Configured with: '/home/tcwg-buildslave/workspace/tcwg-make-release/builder_arch/amd64/label/tcwg-x86_64-build/target/aarch64-linux-gnu/snapshots/gcc.git~linaro-6.3-2017.05/configure' SHELL=/bin/bash --with-mpc=/home/tcwg-buildslave/workspace/tcwg-make-release/builder_arch/amd64/label/tcwg-x86_64-build/target/aarch64-linux-gnu/_build/builds/destdir/x86_64-unknown-linux-gnu --with-mpfr=/home/tcwg-buildslave/workspace/tcwg-make-release/builder_arch/amd64/label/tcwg-x86_64-build/target/aarch64-linux-gnu/_build/builds/destdir/x86_64-unknown-linux-gnu --with-gmp=/home/tcwg-buildslave/workspace/tcwg-make-release/builder_arch/amd64/label/tcwg-x86_64-build/target/aarch64-linux-gnu/_build/builds/destdir/x86_64-unknown-linux-gnu --with-gnu-as --with-gnu-ld --disable-libmudflap --enable-lto --enable-shared --without-included-gettext --enable-nls --disable-sjlj-exceptions --enable-gnu-unique-object --enable-linker-build-id --disable-libstdcxx-pch --enable-c99 --enable-clocale=gnu --enable-libstdcxx-debug --enable-long-long --with-cloog=no --with-ppl=no --with-isl=no --disable-multilib --enable-fix-cortex-a53-835769 --enable-fix-cortex-a53-843419 --with-arch=armv8-a --enable-threads=posix --enable-multiarch --enable-libstdcxx-time=yes --enable-gnu-indirect-function --with-build-sysroot=/home/tcwg-buildslave/workspace/tcwg-make-release/builder_arch/amd64/label/tcwg-x86_64-build/target/aarch64-linux-gnu/_build/sysroots/aarch64-linux-gnu --with-sysroot=/home/tcwg-buildslave/workspace/tcwg-make-release/builder_arch/amd64/label/tcwg-x86_64-build/target/aarch64-linux-gnu/_build/builds/destdir/x86_64-unknown-linux-gnu/aarch64-linux-gnu/libc --enable-checking=release --disable-bootstrap --enable-languages=c,c++,fortran,lto --build=x86_64-unknown-linux-gnu --host=x86_64-unknown-linux-gnu --target=aarch64-linux-gnu --prefix=/home/tcwg-buildslave/workspace/tcwg-make-release/builder_arch/amd64/label/tcwg-x86_64-build/target/aarch64-linux-gnu/_build/builds/destdir/x86_64-unknown-linux-gnu
Thread model: posix
gcc version 6.3.1 20170404 (Linaro GCC 6.3-2017.05) 
COMPILER_PATH=/home/infty/rk3588/rknn_prj/gcc-linaro-6.3.1-2017.05-x86_64_aarch64-linux-gnu/bin/../libexec/gcc/aarch64-linux-gnu/6.3.1/:/home/infty/rk3588/rknn_prj/gcc-linaro-6.3.1-2017.05-x86_64_aarch64-linux-gnu/bin/../libexec/gcc/aarch64-linux-gnu/:/home/infty/rk3588/rknn_prj/gcc-linaro-6.3.1-2017.05-x86_64_aarch64-linux-gnu/bin/../libexec/gcc/:/home/infty/rk3588/rknn_prj/gcc-linaro-6.3.1-2017.05-x86_64_aarch64-linux-gnu/bin/../lib/gcc/aarch64-linux-gnu/6.3.1/../../../../aarch64-linux-gnu/bin/
LIBRARY_PATH=/home/infty/rk3588/rknn_prj/gcc-linaro-6.3.1-2017.05-x86_64_aarch64-linux-gnu/bin/../lib/gcc/aarch64-linux-gnu/6.3.1/:/home/infty/rk3588/rknn_prj/gcc-linaro-6.3.1-2017.05-x86_64_aarch64-linux-gnu/bin/../lib/gcc/aarch64-linux-gnu/:/home/infty/rk3588/rknn_prj/gcc-linaro-6.3.1-2017.05-x86_64_aarch64-linux-gnu/bin/../lib/gcc/:/home/infty/rk3588/rknn_prj/gcc-linaro-6.3.1-2017.05-x86_64_aarch64-linux-gnu/bin/../lib/gcc/aarch64-linux-gnu/6.3.1/../../../../aarch64-linux-gnu/lib/../lib64/:/home/infty/rk3588/rknn_prj/gcc-linaro-6.3.1-2017.05-x86_64_aarch64-linux-gnu/bin/../lib/gcc/aarch64-linux-gnu/6.3.1/../../../../aarch64-linux-gnu/lib/:/home/infty/rk3588/rknn_prj/gcc-linaro-6.3.1-2017.05-x86_64_aarch64-linux-gnu/bin/../aarch64-linux-gnu/libc/lib/:/home/infty/rk3588/rknn_prj/gcc-linaro-6.3.1-2017.05-x86_64_aarch64-linux-gnu/bin/../aarch64-linux-gnu/libc/usr/lib/
COLLECT_GCC_OPTIONS='-v' '-o' 'cmTC_f1b72' '-march=armv8-a' '-mlittle-endian' '-mabi=lp64'
 /home/infty/rk3588/rknn_prj/gcc-linaro-6.3.1-2017.05-x86_64_aarch64-linux-gnu/bin/../libexec/gcc/aarch64-linux-gnu/6.3.1/collect2 -plugin /home/infty/rk3588/rknn_prj/gcc-linaro-6.3.1-2017.05-x86_64_aarch64-linux-gnu/bin/../libexec/gcc/aarch64-linux-gnu/6.3.1/liblto_plugin.so -plugin-opt=/home/infty/rk3588/rknn_prj/gcc-linaro-6.3.1-2017.05-x86_64_aarch64-linux-gnu/bin/../libexec/gcc/aarch64-linux-gnu/6.3.1/lto-wrapper -plugin-opt=-fresolution=/tmp/ccWQ84Zx.res -plugin-opt=-pass-through=-lgcc -plugin-opt=-pass-through=-lgcc_s -plugin-opt=-pass-through=-lc -plugin-opt=-pass-through=-lgcc -plugin-opt=-pass-through=-lgcc_s --sysroot=/home/infty/rk3588/rknn_prj/gcc-linaro-6.3.1-2017.05-x86_64_aarch64-linux-gnu/bin/../aarch64-linux-gnu/libc --build-id --eh-frame-hdr -dynamic-linker /lib/ld-linux-aarch64.so.1 -X -EL -maarch64linux --fix-cortex-a53-835769 --fix-cortex-a53-843419 -o cmTC_f1b72 /home/infty/rk3588/rknn_prj/gcc-linaro-6.3.1-2017.05-x86_64_aarch64-linux-gnu/bin/../aarch64-linux-gnu/libc/usr/lib/crt1.o /home/infty/rk3588/rknn_prj/gcc-linaro-6.3.1-2017.05-x86_64_aarch64-linux-gnu/bin/../aarch64-linux-gnu/libc/usr/lib/crti.o /home/infty/rk3588/rknn_prj/gcc-linaro-6.3.1-2017.05-x86_64_aarch64-linux-gnu/bin/../lib/gcc/aarch64-linux-gnu/6.3.1/crtbegin.o -L/home/infty/rk3588/rknn_prj/gcc-linaro-6.3.1-2017.05-x86_64_aarch64-linux-gnu/bin/../lib/gcc/aarch64-linux-gnu/6.3.1 -L/home/infty/rk3588/rknn_prj/gcc-linaro-6.3.1-2017.05-x86_64_aarch64-linux-gnu/bin/../lib/gcc/aarch64-linux-gnu -L/home/infty/rk3588/rknn_prj/gcc-linaro-6.3.1-2017.05-x86_64_aarch64-linux-gnu/bin/../lib/gcc -L/home/infty/rk3588/rknn_prj/gcc-linaro-6.3.1-2017.05-x86_64_aarch64-linux-gnu/bin/../lib/gcc/aarch64-linux-gnu/6.3.1/../../../../aarch64-linux-gnu/lib/../lib64 -L/home/infty/rk3588/rknn_prj/gcc-linaro-6.3.1-2017.05-x86_64_aarch64-linux-gnu/bin/../lib/gcc/aarch64-linux-gnu/6.3.1/../../../../aarch64-linux-gnu/lib -L/home/infty/rk3588/rknn_prj/gcc-linaro-6.3.1-2017.05-x86_64_aarch64-linux-gnu/bin/../aarch64-linux-gnu/libc/lib -L/home/infty/rk3588/rknn_prj/gcc-linaro-6.3.1-2017.05-x86_64_aarch64-linux-gnu/bin/../aarch64-linux-gnu/libc/usr/lib CMakeFiles/cmTC_f1b72.dir/CMakeCCompilerABI.c.o -lgcc --as-needed -lgcc_s --no-as-needed -lc -lgcc --as-needed -lgcc_s --no-as-needed /home/infty/rk3588/rknn_prj/gcc-linaro-6.3.1-2017.05-x86_64_aarch64-linux-gnu/bin/../lib/gcc/aarch64-linux-gnu/6.3.1/crtend.o /home/infty/rk3588/rknn_prj/gcc-linaro-6.3.1-2017.05-x86_64_aarch64-linux-gnu/bin/../aarch64-linux-gnu/libc/usr/lib/crtn.o
COLLECT_GCC_OPTIONS='-v' '-o' 'cmTC_f1b72' '-march=armv8-a' '-mlittle-endian' '-mabi=lp64'
gmake[1]: Leaving directory '/home/infty/rk3588/rknn_prj/my_prj/build/CMakeFiles/CMakeTmp'



Parsed C implicit include dir info from above output: rv=done
  found start of include info
  found start of implicit include info
    add: [/home/infty/rk3588/rknn_prj/gcc-linaro-6.3.1-2017.05-x86_64_aarch64-linux-gnu/bin/../lib/gcc/aarch64-linux-gnu/6.3.1/include]
    add: [/home/infty/rk3588/rknn_prj/gcc-linaro-6.3.1-2017.05-x86_64_aarch64-linux-gnu/bin/../lib/gcc/aarch64-linux-gnu/6.3.1/include-fixed]
    add: [/home/infty/rk3588/rknn_prj/gcc-linaro-6.3.1-2017.05-x86_64_aarch64-linux-gnu/bin/../lib/gcc/aarch64-linux-gnu/6.3.1/../../../../aarch64-linux-gnu/include]
    add: [/home/infty/rk3588/rknn_prj/gcc-linaro-6.3.1-2017.05-x86_64_aarch64-linux-gnu/bin/../aarch64-linux-gnu/libc/usr/include]
  end of search list found
  collapse include dir [/home/infty/rk3588/rknn_prj/gcc-linaro-6.3.1-2017.05-x86_64_aarch64-linux-gnu/bin/../lib/gcc/aarch64-linux-gnu/6.3.1/include] ==> [/home/infty/rk3588/rknn_prj/gcc-linaro-6.3.1-2017.05-x86_64_aarch64-linux-gnu/lib/gcc/aarch64-linux-gnu/6.3.1/include]
  collapse include dir [/home/infty/rk3588/rknn_prj/gcc-linaro-6.3.1-2017.05-x86_64_aarch64-linux-gnu/bin/../lib/gcc/aarch64-linux-gnu/6.3.1/include-fixed] ==> [/home/infty/rk3588/rknn_prj/gcc-linaro-6.3.1-2017.05-x86_64_aarch64-linux-gnu/lib/gcc/aarch64-linux-gnu/6.3.1/include-fixed]
  collapse include dir [/home/infty/rk3588/rknn_prj/gcc-linaro-6.3.1-2017.05-x86_64_aarch64-linux-gnu/bin/../lib/gcc/aarch64-linux-gnu/6.3.1/../../../../aarch64-linux-gnu/include] ==> [/home/infty/rk3588/rknn_prj/gcc-linaro-6.3.1-2017.05-x86_64_aarch64-linux-gnu/aarch64-linux-gnu/include]
  collapse include dir [/home/infty/rk3588/rknn_prj/gcc-linaro-6.3.1-2017.05-x86_64_aarch64-linux-gnu/bin/../aarch64-linux-gnu/libc/usr/include] ==> [/home/infty/rk3588/rknn_prj/gcc-linaro-6.3.1-2017.05-x86_64_aarch64-linux-gnu/aarch64-linux-gnu/libc/usr/include]
  implicit include dirs: [/home/infty/rk3588/rknn_prj/gcc-linaro-6.3.1-2017.05-x86_64_aarch64-linux-gnu/lib/gcc/aarch64-linux-gnu/6.3.1/include;/home/infty/rk3588/rknn_prj/gcc-linaro-6.3.1-2017.05-x86_64_aarch64-linux-gnu/lib/gcc/aarch64-linux-gnu/6.3.1/include-fixed;/home/infty/rk3588/rknn_prj/gcc-linaro-6.3.1-2017.05-x86_64_aarch64-linux-gnu/aarch64-linux-gnu/include;/home/infty/rk3588/rknn_prj/gcc-linaro-6.3.1-2017.05-x86_64_aarch64-linux-gnu/aarch64-linux-gnu/libc/usr/include]


Parsed C implicit link information from above output:
  link line regex: [^( *|.*[/\])(aarch64-linux-gnu-ld|CMAKE_LINK_STARTFILE-NOTFOUND|([^/\]+-)?ld|collect2)[^/\]*( |$)]
  ignore line: [Change Dir: /home/infty/rk3588/rknn_prj/my_prj/build/CMakeFiles/CMakeTmp]
  ignore line: []
  ignore line: [Run Build Command(s):/usr/bin/gmake -f Makefile cmTC_f1b72/fast && /usr/bin/gmake  -f CMakeFiles/cmTC_f1b72.dir/build.make CMakeFiles/cmTC_f1b72.dir/build]
  ignore line: [gmake[1]: Entering directory '/home/infty/rk3588/rknn_prj/my_prj/build/CMakeFiles/CMakeTmp']
  ignore line: [Building C object CMakeFiles/cmTC_f1b72.dir/CMakeCCompilerABI.c.o]
  ignore line: [/home/infty/rk3588/rknn_prj/gcc-linaro-6.3.1-2017.05-x86_64_aarch64-linux-gnu/bin/aarch64-linux-gnu-gcc   -v -o CMakeFiles/cmTC_f1b72.dir/CMakeCCompilerABI.c.o -c /usr/share/cmake-3.22/Modules/CMakeCCompilerABI.c]
  ignore line: [Using built-in specs.]
  ignore line: [COLLECT_GCC=/home/infty/rk3588/rknn_prj/gcc-linaro-6.3.1-2017.05-x86_64_aarch64-linux-gnu/bin/aarch64-linux-gnu-gcc]
  ignore line: [Target: aarch64-linux-gnu]
  ignore line: [Configured with: '/home/tcwg-buildslave/workspace/tcwg-make-release/builder_arch/amd64/label/tcwg-x86_64-build/target/aarch64-linux-gnu/snapshots/gcc.git~linaro-6.3-2017.05/configure' SHELL=/bin/bash --with-mpc=/home/tcwg-buildslave/workspace/tcwg-make-release/builder_arch/amd64/label/tcwg-x86_64-build/target/aarch64-linux-gnu/_build/builds/destdir/x86_64-unknown-linux-gnu --with-mpfr=/home/tcwg-buildslave/workspace/tcwg-make-release/builder_arch/amd64/label/tcwg-x86_64-build/target/aarch64-linux-gnu/_build/builds/destdir/x86_64-unknown-linux-gnu --with-gmp=/home/tcwg-buildslave/workspace/tcwg-make-release/builder_arch/amd64/label/tcwg-x86_64-build/target/aarch64-linux-gnu/_build/builds/destdir/x86_64-unknown-linux-gnu --with-gnu-as --with-gnu-ld --disable-libmudflap --enable-lto --enable-shared --without-included-gettext --enable-nls --disable-sjlj-exceptions --enable-gnu-unique-object --enable-linker-build-id --disable-libstdcxx-pch --enable-c99 --enable-clocale=gnu --enable-libstdcxx-debug --enable-long-long --with-cloog=no --with-ppl=no --with-isl=no --disable-multilib --enable-fix-cortex-a53-835769 --enable-fix-cortex-a53-843419 --with-arch=armv8-a --enable-threads=posix --enable-multiarch --enable-libstdcxx-time=yes --enable-gnu-indirect-function --with-build-sysroot=/home/tcwg-buildslave/workspace/tcwg-make-release/builder_arch/amd64/label/tcwg-x86_64-build/target/aarch64-linux-gnu/_build/sysroots/aarch64-linux-gnu --with-sysroot=/home/tcwg-buildslave/workspace/tcwg-make-release/builder_arch/amd64/label/tcwg-x86_64-build/target/aarch64-linux-gnu/_build/builds/destdir/x86_64-unknown-linux-gnu/aarch64-linux-gnu/libc --enable-checking=release --disable-bootstrap --enable-languages=c,c++,fortran,lto --build=x86_64-unknown-linux-gnu --host=x86_64-unknown-linux-gnu --target=aarch64-linux-gnu --prefix=/home/tcwg-buildslave/workspace/tcwg-make-release/builder_arch/amd64/label/tcwg-x86_64-build/target/aarch64-linux-gnu/_build/builds/destdir/x86_64-unknown-linux-gnu]
  ignore line: [Thread model: posix]
  ignore line: [gcc version 6.3.1 20170404 (Linaro GCC 6.3-2017.05) ]
  ignore line: [COLLECT_GCC_OPTIONS='-v' '-o' 'CMakeFiles/cmTC_f1b72.dir/CMakeCCompilerABI.c.o' '-c' '-march=armv8-a' '-mlittle-endian' '-mabi=lp64']
  ignore line: [ /home/infty/rk3588/rknn_prj/gcc-linaro-6.3.1-2017.05-x86_64_aarch64-linux-gnu/bin/../libexec/gcc/aarch64-linux-gnu/6.3.1/cc1 -quiet -v -imultiarch aarch64-linux-gnu -iprefix /home/infty/rk3588/rknn_prj/gcc-linaro-6.3.1-2017.05-x86_64_aarch64-linux-gnu/bin/../lib/gcc/aarch64-linux-gnu/6.3.1/ -isysroot /home/infty/rk3588/rknn_prj/gcc-linaro-6.3.1-2017.05-x86_64_aarch64-linux-gnu/bin/../aarch64-linux-gnu/libc /usr/share/cmake-3.22/Modules/CMakeCCompilerABI.c -quiet -dumpbase CMakeCCompilerABI.c -march=armv8-a -mlittle-endian -mabi=lp64 -auxbase-strip CMakeFiles/cmTC_f1b72.dir/CMakeCCompilerABI.c.o -version -o /tmp/cctLfDJm.s]
  ignore line: [GNU C11 (Linaro GCC 6.3-2017.05) version 6.3.1 20170404 (aarch64-linux-gnu)]
  ignore line: [	compiled by GNU C version 4.8.4  GMP version 6.1.0  MPFR version 3.1.4  MPC version 1.0.3  isl version none]
  ignore line: [GGC heuristics: --param ggc-min-expand=100 --param ggc-min-heapsize=131072]
  ignore line: [ignoring duplicate directory "/home/infty/rk3588/rknn_prj/gcc-linaro-6.3.1-2017.05-x86_64_aarch64-linux-gnu/bin/../lib/gcc/../../lib/gcc/aarch64-linux-gnu/6.3.1/include"]
  ignore line: [ignoring nonexistent directory "/home/infty/rk3588/rknn_prj/gcc-linaro-6.3.1-2017.05-x86_64_aarch64-linux-gnu/bin/../aarch64-linux-gnu/libc/usr/local/include/aarch64-linux-gnu"]
  ignore line: [ignoring nonexistent directory "/home/infty/rk3588/rknn_prj/gcc-linaro-6.3.1-2017.05-x86_64_aarch64-linux-gnu/bin/../aarch64-linux-gnu/libc/usr/local/include"]
  ignore line: [ignoring duplicate directory "/home/infty/rk3588/rknn_prj/gcc-linaro-6.3.1-2017.05-x86_64_aarch64-linux-gnu/bin/../lib/gcc/../../lib/gcc/aarch64-linux-gnu/6.3.1/include-fixed"]
  ignore line: [ignoring duplicate directory "/home/infty/rk3588/rknn_prj/gcc-linaro-6.3.1-2017.05-x86_64_aarch64-linux-gnu/bin/../lib/gcc/../../lib/gcc/aarch64-linux-gnu/6.3.1/../../../../aarch64-linux-gnu/include"]
  ignore line: [ignoring nonexistent directory "/home/infty/rk3588/rknn_prj/gcc-linaro-6.3.1-2017.05-x86_64_aarch64-linux-gnu/bin/../aarch64-linux-gnu/libc/usr/include/aarch64-linux-gnu"]
  ignore line: [#include "..." search starts here:]
  ignore line: [#include <...> search starts here:]
  ignore line: [ /home/infty/rk3588/rknn_prj/gcc-linaro-6.3.1-2017.05-x86_64_aarch64-linux-gnu/bin/../lib/gcc/aarch64-linux-gnu/6.3.1/include]
  ignore line: [ /home/infty/rk3588/rknn_prj/gcc-linaro-6.3.1-2017.05-x86_64_aarch64-linux-gnu/bin/../lib/gcc/aarch64-linux-gnu/6.3.1/include-fixed]
  ignore line: [ /home/infty/rk3588/rknn_prj/gcc-linaro-6.3.1-2017.05-x86_64_aarch64-linux-gnu/bin/../lib/gcc/aarch64-linux-gnu/6.3.1/../../../../aarch64-linux-gnu/include]
  ignore line: [ /home/infty/rk3588/rknn_prj/gcc-linaro-6.3.1-2017.05-x86_64_aarch64-linux-gnu/bin/../aarch64-linux-gnu/libc/usr/include]
  ignore line: [End of search list.]
  ignore line: [GNU C11 (Linaro GCC 6.3-2017.05) version 6.3.1 20170404 (aarch64-linux-gnu)]
  ignore line: [	compiled by GNU C version 4.8.4  GMP version 6.1.0  MPFR version 3.1.4  MPC version 1.0.3  isl version none]
  ignore line: [GGC heuristics: --param ggc-min-expand=100 --param ggc-min-heapsize=131072]
  ignore line: [Compiler executable checksum: c4df130d98804e26920c632548e1fa40]
  ignore line: [COLLECT_GCC_OPTIONS='-v' '-o' 'CMakeFiles/cmTC_f1b72.dir/CMakeCCompilerABI.c.o' '-c' '-march=armv8-a' '-mlittle-endian' '-mabi=lp64']
  ignore line: [ /home/infty/rk3588/rknn_prj/gcc-linaro-6.3.1-2017.05-x86_64_aarch64-linux-gnu/bin/../lib/gcc/aarch64-linux-gnu/6.3.1/../../../../aarch64-linux-gnu/bin/as -v -EL -march=armv8-a -mabi=lp64 -o CMakeFiles/cmTC_f1b72.dir/CMakeCCompilerABI.c.o /tmp/cctLfDJm.s]
  ignore line: [GNU assembler version 2.27.0 (aarch64-linux-gnu) using BFD version (Linaro_Binutils-2017.05) 2.27.0.20161019]
  ignore line: [COMPILER_PATH=/home/infty/rk3588/rknn_prj/gcc-linaro-6.3.1-2017.05-x86_64_aarch64-linux-gnu/bin/../libexec/gcc/aarch64-linux-gnu/6.3.1/:/home/infty/rk3588/rknn_prj/gcc-linaro-6.3.1-2017.05-x86_64_aarch64-linux-gnu/bin/../libexec/gcc/aarch64-linux-gnu/:/home/infty/rk3588/rknn_prj/gcc-linaro-6.3.1-2017.05-x86_64_aarch64-linux-gnu/bin/../libexec/gcc/:/home/infty/rk3588/rknn_prj/gcc-linaro-6.3.1-2017.05-x86_64_aarch64-linux-gnu/bin/../lib/gcc/aarch64-linux-gnu/6.3.1/../../../../aarch64-linux-gnu/bin/]
  ignore line: [LIBRARY_PATH=/home/infty/rk3588/rknn_prj/gcc-linaro-6.3.1-2017.05-x86_64_aarch64-linux-gnu/bin/../lib/gcc/aarch64-linux-gnu/6.3.1/:/home/infty/rk3588/rknn_prj/gcc-linaro-6.3.1-2017.05-x86_64_aarch64-linux-gnu/bin/../lib/gcc/aarch64-linux-gnu/:/home/infty/rk3588/rknn_prj/gcc-linaro-6.3.1-2017.05-x86_64_aarch64-linux-gnu/bin/../lib/gcc/:/home/infty/rk3588/rknn_prj/gcc-linaro-6.3.1-2017.05-x86_64_aarch64-linux-gnu/bin/../lib/gcc/aarch64-linux-gnu/6.3.1/../../../../aarch64-linux-gnu/lib/../lib64/:/home/infty/rk3588/rknn_prj/gcc-linaro-6.3.1-2017.05-x86_64_aarch64-linux-gnu/bin/../lib/gcc/aarch64-linux-gnu/6.3.1/../../../../aarch64-linux-gnu/lib/:/home/infty/rk3588/rknn_prj/gcc-linaro-6.3.1-2017.05-x86_64_aarch64-linux-gnu/bin/../aarch64-linux-gnu/libc/lib/:/home/infty/rk3588/rknn_prj/gcc-linaro-6.3.1-2017.05-x86_64_aarch64-linux-gnu/bin/../aarch64-linux-gnu/libc/usr/lib/]
  ignore line: [COLLECT_GCC_OPTIONS='-v' '-o' 'CMakeFiles/cmTC_f1b72.dir/CMakeCCompilerABI.c.o' '-c' '-march=armv8-a' '-mlittle-endian' '-mabi=lp64']
  ignore line: [Linking C executable cmTC_f1b72]
  ignore line: [/usr/bin/cmake -E cmake_link_script CMakeFiles/cmTC_f1b72.dir/link.txt --verbose=1]
  ignore line: [/home/infty/rk3588/rknn_prj/gcc-linaro-6.3.1-2017.05-x86_64_aarch64-linux-gnu/bin/aarch64-linux-gnu-gcc  -v CMakeFiles/cmTC_f1b72.dir/CMakeCCompilerABI.c.o -o cmTC_f1b72 ]
  ignore line: [Using built-in specs.]
  ignore line: [COLLECT_GCC=/home/infty/rk3588/rknn_prj/gcc-linaro-6.3.1-2017.05-x86_64_aarch64-linux-gnu/bin/aarch64-linux-gnu-gcc]
  ignore line: [COLLECT_LTO_WRAPPER=/home/infty/rk3588/rknn_prj/gcc-linaro-6.3.1-2017.05-x86_64_aarch64-linux-gnu/bin/../libexec/gcc/aarch64-linux-gnu/6.3.1/lto-wrapper]
  ignore line: [Target: aarch64-linux-gnu]
  ignore line: [Configured with: '/home/tcwg-buildslave/workspace/tcwg-make-release/builder_arch/amd64/label/tcwg-x86_64-build/target/aarch64-linux-gnu/snapshots/gcc.git~linaro-6.3-2017.05/configure' SHELL=/bin/bash --with-mpc=/home/tcwg-buildslave/workspace/tcwg-make-release/builder_arch/amd64/label/tcwg-x86_64-build/target/aarch64-linux-gnu/_build/builds/destdir/x86_64-unknown-linux-gnu --with-mpfr=/home/tcwg-buildslave/workspace/tcwg-make-release/builder_arch/amd64/label/tcwg-x86_64-build/target/aarch64-linux-gnu/_build/builds/destdir/x86_64-unknown-linux-gnu --with-gmp=/home/tcwg-buildslave/workspace/tcwg-make-release/builder_arch/amd64/label/tcwg-x86_64-build/target/aarch64-linux-gnu/_build/builds/destdir/x86_64-unknown-linux-gnu --with-gnu-as --with-gnu-ld --disable-libmudflap --enable-lto --enable-shared --without-included-gettext --enable-nls --disable-sjlj-exceptions --enable-gnu-unique-object --enable-linker-build-id --disable-libstdcxx-pch --enable-c99 --enable-clocale=gnu --enable-libstdcxx-debug --enable-long-long --with-cloog=no --with-ppl=no --with-isl=no --disable-multilib --enable-fix-cortex-a53-835769 --enable-fix-cortex-a53-843419 --with-arch=armv8-a --enable-threads=posix --enable-multiarch --enable-libstdcxx-time=yes --enable-gnu-indirect-function --with-build-sysroot=/home/tcwg-buildslave/workspace/tcwg-make-release/builder_arch/amd64/label/tcwg-x86_64-build/target/aarch64-linux-gnu/_build/sysroots/aarch64-linux-gnu --with-sysroot=/home/tcwg-buildslave/workspace/tcwg-make-release/builder_arch/amd64/label/tcwg-x86_64-build/target/aarch64-linux-gnu/_build/builds/destdir/x86_64-unknown-linux-gnu/aarch64-linux-gnu/libc --enable-checking=release --disable-bootstrap --enable-languages=c,c++,fortran,lto --build=x86_64-unknown-linux-gnu --host=x86_64-unknown-linux-gnu --target=aarch64-linux-gnu --prefix=/home/tcwg-buildslave/workspace/tcwg-make-release/builder_arch/amd64/label/tcwg-x86_64-build/target/aarch64-linux-gnu/_build/builds/destdir/x86_64-unknown-linux-gnu]
  ignore line: [Thread model: posix]
  ignore line: [gcc version 6.3.1 20170404 (Linaro GCC 6.3-2017.05) ]
  ignore line: [COMPILER_PATH=/home/infty/rk3588/rknn_prj/gcc-linaro-6.3.1-2017.05-x86_64_aarch64-linux-gnu/bin/../libexec/gcc/aarch64-linux-gnu/6.3.1/:/home/infty/rk3588/rknn_prj/gcc-linaro-6.3.1-2017.05-x86_64_aarch64-linux-gnu/bin/../libexec/gcc/aarch64-linux-gnu/:/home/infty/rk3588/rknn_prj/gcc-linaro-6.3.1-2017.05-x86_64_aarch64-linux-gnu/bin/../libexec/gcc/:/home/infty/rk3588/rknn_prj/gcc-linaro-6.3.1-2017.05-x86_64_aarch64-linux-gnu/bin/../lib/gcc/aarch64-linux-gnu/6.3.1/../../../../aarch64-linux-gnu/bin/]
  ignore line: [LIBRARY_PATH=/home/infty/rk3588/rknn_prj/gcc-linaro-6.3.1-2017.05-x86_64_aarch64-linux-gnu/bin/../lib/gcc/aarch64-linux-gnu/6.3.1/:/home/infty/rk3588/rknn_prj/gcc-linaro-6.3.1-2017.05-x86_64_aarch64-linux-gnu/bin/../lib/gcc/aarch64-linux-gnu/:/home/infty/rk3588/rknn_prj/gcc-linaro-6.3.1-2017.05-x86_64_aarch64-linux-gnu/bin/../lib/gcc/:/home/infty/rk3588/rknn_prj/gcc-linaro-6.3.1-2017.05-x86_64_aarch64-linux-gnu/bin/../lib/gcc/aarch64-linux-gnu/6.3.1/../../../../aarch64-linux-gnu/lib/../lib64/:/home/infty/rk3588/rknn_prj/gcc-linaro-6.3.1-2017.05-x86_64_aarch64-linux-gnu/bin/../lib/gcc/aarch64-linux-gnu/6.3.1/../../../../aarch64-linux-gnu/lib/:/home/infty/rk3588/rknn_prj/gcc-linaro-6.3.1-2017.05-x86_64_aarch64-linux-gnu/bin/../aarch64-linux-gnu/libc/lib/:/home/infty/rk3588/rknn_prj/gcc-linaro-6.3.1-2017.05-x86_64_aarch64-linux-gnu/bin/../aarch64-linux-gnu/libc/usr/lib/]
  ignore line: [COLLECT_GCC_OPTIONS='-v' '-o' 'cmTC_f1b72' '-march=armv8-a' '-mlittle-endian' '-mabi=lp64']
  link line: [ /home/infty/rk3588/rknn_prj/gcc-linaro-6.3.1-2017.05-x86_64_aarch64-linux-gnu/bin/../libexec/gcc/aarch64-linux-gnu/6.3.1/collect2 -plugin /home/infty/rk3588/rknn_prj/gcc-linaro-6.3.1-2017.05-x86_64_aarch64-linux-gnu/bin/../libexec/gcc/aarch64-linux-gnu/6.3.1/liblto_plugin.so -plugin-opt=/home/infty/rk3588/rknn_prj/gcc-linaro-6.3.1-2017.05-x86_64_aarch64-linux-gnu/bin/../libexec/gcc/aarch64-linux-gnu/6.3.1/lto-wrapper -plugin-opt=-fresolution=/tmp/ccWQ84Zx.res -plugin-opt=-pass-through=-lgcc -plugin-opt=-pass-through=-lgcc_s -plugin-opt=-pass-through=-lc -plugin-opt=-pass-through=-lgcc -plugin-opt=-pass-through=-lgcc_s --sysroot=/home/infty/rk3588/rknn_prj/gcc-linaro-6.3.1-2017.05-x86_64_aarch64-linux-gnu/bin/../aarch64-linux-gnu/libc --build-id --eh-frame-hdr -dynamic-linker /lib/ld-linux-aarch64.so.1 -X -EL -maarch64linux --fix-cortex-a53-835769 --fix-cortex-a53-843419 -o cmTC_f1b72 /home/infty/rk3588/rknn_prj/gcc-linaro-6.3.1-2017.05-x86_64_aarch64-linux-gnu/bin/../aarch64-linux-gnu/libc/usr/lib/crt1.o /home/infty/rk3588/rknn_prj/gcc-linaro-6.3.1-2017.05-x86_64_aarch64-linux-gnu/bin/../aarch64-linux-gnu/libc/usr/lib/crti.o /home/infty/rk3588/rknn_prj/gcc-linaro-6.3.1-2017.05-x86_64_aarch64-linux-gnu/bin/../lib/gcc/aarch64-linux-gnu/6.3.1/crtbegin.o -L/home/infty/rk3588/rknn_prj/gcc-linaro-6.3.1-2017.05-x86_64_aarch64-linux-gnu/bin/../lib/gcc/aarch64-linux-gnu/6.3.1 -L/home/infty/rk3588/rknn_prj/gcc-linaro-6.3.1-2017.05-x86_64_aarch64-linux-gnu/bin/../lib/gcc/aarch64-linux-gnu -L/home/infty/rk3588/rknn_prj/gcc-linaro-6.3.1-2017.05-x86_64_aarch64-linux-gnu/bin/../lib/gcc -L/home/infty/rk3588/rknn_prj/gcc-linaro-6.3.1-2017.05-x86_64_aarch64-linux-gnu/bin/../lib/gcc/aarch64-linux-gnu/6.3.1/../../../../aarch64-linux-gnu/lib/../lib64 -L/home/infty/rk3588/rknn_prj/gcc-linaro-6.3.1-2017.05-x86_64_aarch64-linux-gnu/bin/../lib/gcc/aarch64-linux-gnu/6.3.1/../../../../aarch64-linux-gnu/lib -L/home/infty/rk3588/rknn_prj/gcc-linaro-6.3.1-2017.05-x86_64_aarch64-linux-gnu/bin/../aarch64-linux-gnu/libc/lib -L/home/infty/rk3588/rknn_prj/gcc-linaro-6.3.1-2017.05-x86_64_aarch64-linux-gnu/bin/../aarch64-linux-gnu/libc/usr/lib CMakeFiles/cmTC_f1b72.dir/CMakeCCompilerABI.c.o -lgcc --as-needed -lgcc_s --no-as-needed -lc -lgcc --as-needed -lgcc_s --no-as-needed /home/infty/rk3588/rknn_prj/gcc-linaro-6.3.1-2017.05-x86_64_aarch64-linux-gnu/bin/../lib/gcc/aarch64-linux-gnu/6.3.1/crtend.o /home/infty/rk3588/rknn_prj/gcc-linaro-6.3.1-2017.05-x86_64_aarch64-linux-gnu/bin/../aarch64-linux-gnu/libc/usr/lib/crtn.o]
    arg [/home/infty/rk3588/rknn_prj/gcc-linaro-6.3.1-2017.05-x86_64_aarch64-linux-gnu/bin/../libexec/gcc/aarch64-linux-gnu/6.3.1/collect2] ==> ignore
    arg [-plugin] ==> ignore
    arg [/home/infty/rk3588/rknn_prj/gcc-linaro-6.3.1-2017.05-x86_64_aarch64-linux-gnu/bin/../libexec/gcc/aarch64-linux-gnu/6.3.1/liblto_plugin.so] ==> ignore
    arg [-plugin-opt=/home/infty/rk3588/rknn_prj/gcc-linaro-6.3.1-2017.05-x86_64_aarch64-linux-gnu/bin/../libexec/gcc/aarch64-linux-gnu/6.3.1/lto-wrapper] ==> ignore
    arg [-plugin-opt=-fresolution=/tmp/ccWQ84Zx.res] ==> ignore
    arg [-plugin-opt=-pass-through=-lgcc] ==> ignore
    arg [-plugin-opt=-pass-through=-lgcc_s] ==> ignore
    arg [-plugin-opt=-pass-through=-lc] ==> ignore
    arg [-plugin-opt=-pass-through=-lgcc] ==> ignore
    arg [-plugin-opt=-pass-through=-lgcc_s] ==> ignore
    arg [--sysroot=/home/infty/rk3588/rknn_prj/gcc-linaro-6.3.1-2017.05-x86_64_aarch64-linux-gnu/bin/../aarch64-linux-gnu/libc] ==> ignore
    arg [--build-id] ==> ignore
    arg [--eh-frame-hdr] ==> ignore
    arg [-dynamic-linker] ==> ignore
    arg [/lib/ld-linux-aarch64.so.1] ==> ignore
    arg [-X] ==> ignore
    arg [-EL] ==> ignore
    arg [-maarch64linux] ==> ignore
    arg [--fix-cortex-a53-835769] ==> ignore
    arg [--fix-cortex-a53-843419] ==> ignore
    arg [-o] ==> ignore
    arg [cmTC_f1b72] ==> ignore
    arg [/home/infty/rk3588/rknn_prj/gcc-linaro-6.3.1-2017.05-x86_64_aarch64-linux-gnu/bin/../aarch64-linux-gnu/libc/usr/lib/crt1.o] ==> obj [/home/infty/rk3588/rknn_prj/gcc-linaro-6.3.1-2017.05-x86_64_aarch64-linux-gnu/bin/../aarch64-linux-gnu/libc/usr/lib/crt1.o]
    arg [/home/infty/rk3588/rknn_prj/gcc-linaro-6.3.1-2017.05-x86_64_aarch64-linux-gnu/bin/../aarch64-linux-gnu/libc/usr/lib/crti.o] ==> obj [/home/infty/rk3588/rknn_prj/gcc-linaro-6.3.1-2017.05-x86_64_aarch64-linux-gnu/bin/../aarch64-linux-gnu/libc/usr/lib/crti.o]
    arg [/home/infty/rk3588/rknn_prj/gcc-linaro-6.3.1-2017.05-x86_64_aarch64-linux-gnu/bin/../lib/gcc/aarch64-linux-gnu/6.3.1/crtbegin.o] ==> obj [/home/infty/rk3588/rknn_prj/gcc-linaro-6.3.1-2017.05-x86_64_aarch64-linux-gnu/bin/../lib/gcc/aarch64-linux-gnu/6.3.1/crtbegin.o]
    arg [-L/home/infty/rk3588/rknn_prj/gcc-linaro-6.3.1-2017.05-x86_64_aarch64-linux-gnu/bin/../lib/gcc/aarch64-linux-gnu/6.3.1] ==> dir [/home/infty/rk3588/rknn_prj/gcc-linaro-6.3.1-2017.05-x86_64_aarch64-linux-gnu/bin/../lib/gcc/aarch64-linux-gnu/6.3.1]
    arg [-L/home/infty/rk3588/rknn_prj/gcc-linaro-6.3.1-2017.05-x86_64_aarch64-linux-gnu/bin/../lib/gcc/aarch64-linux-gnu] ==> dir [/home/infty/rk3588/rknn_prj/gcc-linaro-6.3.1-2017.05-x86_64_aarch64-linux-gnu/bin/../lib/gcc/aarch64-linux-gnu]
    arg [-L/home/infty/rk3588/rknn_prj/gcc-linaro-6.3.1-2017.05-x86_64_aarch64-linux-gnu/bin/../lib/gcc] ==> dir [/home/infty/rk3588/rknn_prj/gcc-linaro-6.3.1-2017.05-x86_64_aarch64-linux-gnu/bin/../lib/gcc]
    arg [-L/home/infty/rk3588/rknn_prj/gcc-linaro-6.3.1-2017.05-x86_64_aarch64-linux-gnu/bin/../lib/gcc/aarch64-linux-gnu/6.3.1/../../../../aarch64-linux-gnu/lib/../lib64] ==> dir [/home/infty/rk3588/rknn_prj/gcc-linaro-6.3.1-2017.05-x86_64_aarch64-linux-gnu/bin/../lib/gcc/aarch64-linux-gnu/6.3.1/../../../../aarch64-linux-gnu/lib/../lib64]
    arg [-L/home/infty/rk3588/rknn_prj/gcc-linaro-6.3.1-2017.05-x86_64_aarch64-linux-gnu/bin/../lib/gcc/aarch64-linux-gnu/6.3.1/../../../../aarch64-linux-gnu/lib] ==> dir [/home/infty/rk3588/rknn_prj/gcc-linaro-6.3.1-2017.05-x86_64_aarch64-linux-gnu/bin/../lib/gcc/aarch64-linux-gnu/6.3.1/../../../../aarch64-linux-gnu/lib]
    arg [-L/home/infty/rk3588/rknn_prj/gcc-linaro-6.3.1-2017.05-x86_64_aarch64-linux-gnu/bin/../aarch64-linux-gnu/libc/lib] ==> dir [/home/infty/rk3588/rknn_prj/gcc-linaro-6.3.1-2017.05-x86_64_aarch64-linux-gnu/bin/../aarch64-linux-gnu/libc/lib]
    arg [-L/home/infty/rk3588/rknn_prj/gcc-linaro-6.3.1-2017.05-x86_64_aarch64-linux-gnu/bin/../aarch64-linux-gnu/libc/usr/lib] ==> dir [/home/infty/rk3588/rknn_prj/gcc-linaro-6.3.1-2017.05-x86_64_aarch64-linux-gnu/bin/../aarch64-linux-gnu/libc/usr/lib]
    arg [CMakeFiles/cmTC_f1b72.dir/CMakeCCompilerABI.c.o] ==> ignore
    arg [-lgcc] ==> lib [gcc]
    arg [--as-needed] ==> ignore
    arg [-lgcc_s] ==> lib [gcc_s]
    arg [--no-as-needed] ==> ignore
    arg [-lc] ==> lib [c]
    arg [-lgcc] ==> lib [gcc]
    arg [--as-needed] ==> ignore
    arg [-lgcc_s] ==> lib [gcc_s]
    arg [--no-as-needed] ==> ignore
    arg [/home/infty/rk3588/rknn_prj/gcc-linaro-6.3.1-2017.05-x86_64_aarch64-linux-gnu/bin/../lib/gcc/aarch64-linux-gnu/6.3.1/crtend.o] ==> obj [/home/infty/rk3588/rknn_prj/gcc-linaro-6.3.1-2017.05-x86_64_aarch64-linux-gnu/bin/../lib/gcc/aarch64-linux-gnu/6.3.1/crtend.o]
    arg [/home/infty/rk3588/rknn_prj/gcc-linaro-6.3.1-2017.05-x86_64_aarch64-linux-gnu/bin/../aarch64-linux-gnu/libc/usr/lib/crtn.o] ==> obj [/home/infty/rk3588/rknn_prj/gcc-linaro-6.3.1-2017.05-x86_64_aarch64-linux-gnu/bin/../aarch64-linux-gnu/libc/usr/lib/crtn.o]
  collapse obj [/home/infty/rk3588/rknn_prj/gcc-linaro-6.3.1-2017.05-x86_64_aarch64-linux-gnu/bin/../aarch64-linux-gnu/libc/usr/lib/crt1.o] ==> [/home/infty/rk3588/rknn_prj/gcc-linaro-6.3.1-2017.05-x86_64_aarch64-linux-gnu/aarch64-linux-gnu/libc/usr/lib/crt1.o]
  collapse obj [/home/infty/rk3588/rknn_prj/gcc-linaro-6.3.1-2017.05-x86_64_aarch64-linux-gnu/bin/../aarch64-linux-gnu/libc/usr/lib/crti.o] ==> [/home/infty/rk3588/rknn_prj/gcc-linaro-6.3.1-2017.05-x86_64_aarch64-linux-gnu/aarch64-linux-gnu/libc/usr/lib/crti.o]
  collapse obj [/home/infty/rk3588/rknn_prj/gcc-linaro-6.3.1-2017.05-x86_64_aarch64-linux-gnu/bin/../lib/gcc/aarch64-linux-gnu/6.3.1/crtbegin.o] ==> [/home/infty/rk3588/rknn_prj/gcc-linaro-6.3.1-2017.05-x86_64_aarch64-linux-gnu/lib/gcc/aarch64-linux-gnu/6.3.1/crtbegin.o]
  collapse obj [/home/infty/rk3588/rknn_prj/gcc-linaro-6.3.1-2017.05-x86_64_aarch64-linux-gnu/bin/../lib/gcc/aarch64-linux-gnu/6.3.1/crtend.o] ==> [/home/infty/rk3588/rknn_prj/gcc-linaro-6.3.1-2017.05-x86_64_aarch64-linux-gnu/lib/gcc/aarch64-linux-gnu/6.3.1/crtend.o]
  collapse obj [/home/infty/rk3588/rknn_prj/gcc-linaro-6.3.1-2017.05-x86_64_aarch64-linux-gnu/bin/../aarch64-linux-gnu/libc/usr/lib/crtn.o] ==> [/home/infty/rk3588/rknn_prj/gcc-linaro-6.3.1-2017.05-x86_64_aarch64-linux-gnu/aarch64-linux-gnu/libc/usr/lib/crtn.o]
  collapse library dir [/home/infty/rk3588/rknn_prj/gcc-linaro-6.3.1-2017.05-x86_64_aarch64-linux-gnu/bin/../lib/gcc/aarch64-linux-gnu/6.3.1] ==> [/home/infty/rk3588/rknn_prj/gcc-linaro-6.3.1-2017.05-x86_64_aarch64-linux-gnu/lib/gcc/aarch64-linux-gnu/6.3.1]
  collapse library dir [/home/infty/rk3588/rknn_prj/gcc-linaro-6.3.1-2017.05-x86_64_aarch64-linux-gnu/bin/../lib/gcc/aarch64-linux-gnu] ==> [/home/infty/rk3588/rknn_prj/gcc-linaro-6.3.1-2017.05-x86_64_aarch64-linux-gnu/lib/gcc/aarch64-linux-gnu]
  collapse library dir [/home/infty/rk3588/rknn_prj/gcc-linaro-6.3.1-2017.05-x86_64_aarch64-linux-gnu/bin/../lib/gcc] ==> [/home/infty/rk3588/rknn_prj/gcc-linaro-6.3.1-2017.05-x86_64_aarch64-linux-gnu/lib/gcc]
  collapse library dir [/home/infty/rk3588/rknn_prj/gcc-linaro-6.3.1-2017.05-x86_64_aarch64-linux-gnu/bin/../lib/gcc/aarch64-linux-gnu/6.3.1/../../../../aarch64-linux-gnu/lib/../lib64] ==> [/home/infty/rk3588/rknn_prj/gcc-linaro-6.3.1-2017.05-x86_64_aarch64-linux-gnu/aarch64-linux-gnu/lib64]
  collapse library dir [/home/infty/rk3588/rknn_prj/gcc-linaro-6.3.1-2017.05-x86_64_aarch64-linux-gnu/bin/../lib/gcc/aarch64-linux-gnu/6.3.1/../../../../aarch64-linux-gnu/lib] ==> [/home/infty/rk3588/rknn_prj/gcc-linaro-6.3.1-2017.05-x86_64_aarch64-linux-gnu/aarch64-linux-gnu/lib]
  collapse library dir [/home/infty/rk3588/rknn_prj/gcc-linaro-6.3.1-2017.05-x86_64_aarch64-linux-gnu/bin/../aarch64-linux-gnu/libc/lib] ==> [/home/infty/rk3588/rknn_prj/gcc-linaro-6.3.1-2017.05-x86_64_aarch64-linux-gnu/aarch64-linux-gnu/libc/lib]
  collapse library dir [/home/infty/rk3588/rknn_prj/gcc-linaro-6.3.1-2017.05-x86_64_aarch64-linux-gnu/bin/../aarch64-linux-gnu/libc/usr/lib] ==> [/home/infty/rk3588/rknn_prj/gcc-linaro-6.3.1-2017.05-x86_64_aarch64-linux-gnu/aarch64-linux-gnu/libc/usr/lib]
  implicit libs: [gcc;gcc_s;c;gcc;gcc_s]
  implicit objs: [/home/infty/rk3588/rknn_prj/gcc-linaro-6.3.1-2017.05-x86_64_aarch64-linux-gnu/aarch64-linux-gnu/libc/usr/lib/crt1.o;/home/infty/rk3588/rknn_prj/gcc-linaro-6.3.1-2017.05-x86_64_aarch64-linux-gnu/aarch64-linux-gnu/libc/usr/lib/crti.o;/home/infty/rk3588/rknn_prj/gcc-linaro-6.3.1-2017.05-x86_64_aarch64-linux-gnu/lib/gcc/aarch64-linux-gnu/6.3.1/crtbegin.o;/home/infty/rk3588/rknn_prj/gcc-linaro-6.3.1-2017.05-x86_64_aarch64-linux-gnu/lib/gcc/aarch64-linux-gnu/6.3.1/crtend.o;/home/infty/rk3588/rknn_prj/gcc-linaro-6.3.1-2017.05-x86_64_aarch64-linux-gnu/aarch64-linux-gnu/libc/usr/lib/crtn.o]
  implicit dirs: [/home/infty/rk3588/rknn_prj/gcc-linaro-6.3.1-2017.05-x86_64_aarch64-linux-gnu/lib/gcc/aarch64-linux-gnu/6.3.1;/home/infty/rk3588/rknn_prj/gcc-linaro-6.3.1-2017.05-x86_64_aarch64-linux-gnu/lib/gcc/aarch64-linux-gnu;/home/infty/rk3588/rknn_prj/gcc-linaro-6.3.1-2017.05-x86_64_aarch64-linux-gnu/lib/gcc;/home/infty/rk3588/rknn_prj/gcc-linaro-6.3.1-2017.05-x86_64_aarch64-linux-gnu/aarch64-linux-gnu/lib64;/home/infty/rk3588/rknn_prj/gcc-linaro-6.3.1-2017.05-x86_64_aarch64-linux-gnu/aarch64-linux-gnu/lib;/home/infty/rk3588/rknn_prj/gcc-linaro-6.3.1-2017.05-x86_64_aarch64-linux-gnu/aarch64-linux-gnu/libc/lib;/home/infty/rk3588/rknn_prj/gcc-linaro-6.3.1-2017.05-x86_64_aarch64-linux-gnu/aarch64-linux-gnu/libc/usr/lib]
  implicit fwks: []


Detecting CXX compiler ABI info compiled with the following output:
Change Dir: /home/infty/rk3588/rknn_prj/my_prj/build/CMakeFiles/CMakeTmp

Run Build Command(s):/usr/bin/gmake -f Makefile cmTC_b504f/fast && /usr/bin/gmake  -f CMakeFiles/cmTC_b504f.dir/build.make CMakeFiles/cmTC_b504f.dir/build
gmake[1]: Entering directory '/home/infty/rk3588/rknn_prj/my_prj/build/CMakeFiles/CMakeTmp'
Building CXX object CMakeFiles/cmTC_b504f.dir/CMakeCXXCompilerABI.cpp.o
/home/infty/rk3588/rknn_prj/gcc-linaro-6.3.1-2017.05-x86_64_aarch64-linux-gnu/bin/aarch64-linux-gnu-g++   -v -o CMakeFiles/cmTC_b504f.dir/CMakeCXXCompilerABI.cpp.o -c /usr/share/cmake-3.22/Modules/CMakeCXXCompilerABI.cpp
Using built-in specs.
COLLECT_GCC=/home/infty/rk3588/rknn_prj/gcc-linaro-6.3.1-2017.05-x86_64_aarch64-linux-gnu/bin/aarch64-linux-gnu-g++
Target: aarch64-linux-gnu
Configured with: '/home/tcwg-buildslave/workspace/tcwg-make-release/builder_arch/amd64/label/tcwg-x86_64-build/target/aarch64-linux-gnu/snapshots/gcc.git~linaro-6.3-2017.05/configure' SHELL=/bin/bash --with-mpc=/home/tcwg-buildslave/workspace/tcwg-make-release/builder_arch/amd64/label/tcwg-x86_64-build/target/aarch64-linux-gnu/_build/builds/destdir/x86_64-unknown-linux-gnu --with-mpfr=/home/tcwg-buildslave/workspace/tcwg-make-release/builder_arch/amd64/label/tcwg-x86_64-build/target/aarch64-linux-gnu/_build/builds/destdir/x86_64-unknown-linux-gnu --with-gmp=/home/tcwg-buildslave/workspace/tcwg-make-release/builder_arch/amd64/label/tcwg-x86_64-build/target/aarch64-linux-gnu/_build/builds/destdir/x86_64-unknown-linux-gnu --with-gnu-as --with-gnu-ld --disable-libmudflap --enable-lto --enable-shared --without-included-gettext --enable-nls --disable-sjlj-exceptions --enable-gnu-unique-object --enable-linker-build-id --disable-libstdcxx-pch --enable-c99 --enable-clocale=gnu --enable-libstdcxx-debug --enable-long-long --with-cloog=no --with-ppl=no --with-isl=no --disable-multilib --enable-fix-cortex-a53-835769 --enable-fix-cortex-a53-843419 --with-arch=armv8-a --enable-threads=posix --enable-multiarch --enable-libstdcxx-time=yes --enable-gnu-indirect-function --with-build-sysroot=/home/tcwg-buildslave/workspace/tcwg-make-release/builder_arch/amd64/label/tcwg-x86_64-build/target/aarch64-linux-gnu/_build/sysroots/aarch64-linux-gnu --with-sysroot=/home/tcwg-buildslave/workspace/tcwg-make-release/builder_arch/amd64/label/tcwg-x86_64-build/target/aarch64-linux-gnu/_build/builds/destdir/x86_64-unknown-linux-gnu/aarch64-linux-gnu/libc --enable-checking=release --disable-bootstrap --enable-languages=c,c++,fortran,lto --build=x86_64-unknown-linux-gnu --host=x86_64-unknown-linux-gnu --target=aarch64-linux-gnu --prefix=/home/tcwg-buildslave/workspace/tcwg-make-release/builder_arch/amd64/label/tcwg-x86_64-build/target/aarch64-linux-gnu/_build/builds/destdir/x86_64-unknown-linux-gnu
Thread model: posix
gcc version 6.3.1 20170404 (Linaro GCC 6.3-2017.05) 
COLLECT_GCC_OPTIONS='-v' '-o' 'CMakeFiles/cmTC_b504f.dir/CMakeCXXCompilerABI.cpp.o' '-c' '-shared-libgcc' '-march=armv8-a' '-mlittle-endian' '-mabi=lp64'
 /home/infty/rk3588/rknn_prj/gcc-linaro-6.3.1-2017.05-x86_64_aarch64-linux-gnu/bin/../libexec/gcc/aarch64-linux-gnu/6.3.1/cc1plus -quiet -v -imultiarch aarch64-linux-gnu -iprefix /home/infty/rk3588/rknn_prj/gcc-linaro-6.3.1-2017.05-x86_64_aarch64-linux-gnu/bin/../lib/gcc/aarch64-linux-gnu/6.3.1/ -isysroot /home/infty/rk3588/rknn_prj/gcc-linaro-6.3.1-2017.05-x86_64_aarch64-linux-gnu/bin/../aarch64-linux-gnu/libc -D_GNU_SOURCE /usr/share/cmake-3.22/Modules/CMakeCXXCompilerABI.cpp -quiet -dumpbase CMakeCXXCompilerABI.cpp -march=armv8-a -mlittle-endian -mabi=lp64 -auxbase-strip CMakeFiles/cmTC_b504f.dir/CMakeCXXCompilerABI.cpp.o -version -o /tmp/ccx7SRgQ.s
GNU C++14 (Linaro GCC 6.3-2017.05) version 6.3.1 20170404 (aarch64-linux-gnu)
	compiled by GNU C version 4.8.4, GMP version 6.1.0, MPFR version 3.1.4, MPC version 1.0.3, isl version none
GGC heuristics: --param ggc-min-expand=100 --param ggc-min-heapsize=131072
ignoring duplicate directory "/home/infty/rk3588/rknn_prj/gcc-linaro-6.3.1-2017.05-x86_64_aarch64-linux-gnu/bin/../lib/gcc/../../lib/gcc/aarch64-linux-gnu/6.3.1/../../../../aarch64-linux-gnu/include/c++/6.3.1"
ignoring duplicate directory "/home/infty/rk3588/rknn_prj/gcc-linaro-6.3.1-2017.05-x86_64_aarch64-linux-gnu/bin/../lib/gcc/../../lib/gcc/aarch64-linux-gnu/6.3.1/../../../../aarch64-linux-gnu/include/c++/6.3.1/aarch64-linux-gnu"
ignoring duplicate directory "/home/infty/rk3588/rknn_prj/gcc-linaro-6.3.1-2017.05-x86_64_aarch64-linux-gnu/bin/../lib/gcc/../../lib/gcc/aarch64-linux-gnu/6.3.1/../../../../aarch64-linux-gnu/include/c++/6.3.1/backward"
ignoring duplicate directory "/home/infty/rk3588/rknn_prj/gcc-linaro-6.3.1-2017.05-x86_64_aarch64-linux-gnu/bin/../lib/gcc/../../lib/gcc/aarch64-linux-gnu/6.3.1/include"
ignoring nonexistent directory "/home/infty/rk3588/rknn_prj/gcc-linaro-6.3.1-2017.05-x86_64_aarch64-linux-gnu/bin/../aarch64-linux-gnu/libc/usr/local/include/aarch64-linux-gnu"
ignoring nonexistent directory "/home/infty/rk3588/rknn_prj/gcc-linaro-6.3.1-2017.05-x86_64_aarch64-linux-gnu/bin/../aarch64-linux-gnu/libc/usr/local/include"
ignoring duplicate directory "/home/infty/rk3588/rknn_prj/gcc-linaro-6.3.1-2017.05-x86_64_aarch64-linux-gnu/bin/../lib/gcc/../../lib/gcc/aarch64-linux-gnu/6.3.1/include-fixed"
ignoring duplicate directory "/home/infty/rk3588/rknn_prj/gcc-linaro-6.3.1-2017.05-x86_64_aarch64-linux-gnu/bin/../lib/gcc/../../lib/gcc/aarch64-linux-gnu/6.3.1/../../../../aarch64-linux-gnu/include"
ignoring nonexistent directory "/home/infty/rk3588/rknn_prj/gcc-linaro-6.3.1-2017.05-x86_64_aarch64-linux-gnu/bin/../aarch64-linux-gnu/libc/usr/include/aarch64-linux-gnu"
#include "..." search starts here:
#include <...> search starts here:
 /home/infty/rk3588/rknn_prj/gcc-linaro-6.3.1-2017.05-x86_64_aarch64-linux-gnu/bin/../lib/gcc/aarch64-linux-gnu/6.3.1/../../../../aarch64-linux-gnu/include/c++/6.3.1
 /home/infty/rk3588/rknn_prj/gcc-linaro-6.3.1-2017.05-x86_64_aarch64-linux-gnu/bin/../lib/gcc/aarch64-linux-gnu/6.3.1/../../../../aarch64-linux-gnu/include/c++/6.3.1/aarch64-linux-gnu
 /home/infty/rk3588/rknn_prj/gcc-linaro-6.3.1-2017.05-x86_64_aarch64-linux-gnu/bin/../lib/gcc/aarch64-linux-gnu/6.3.1/../../../../aarch64-linux-gnu/include/c++/6.3.1/backward
 /home/infty/rk3588/rknn_prj/gcc-linaro-6.3.1-2017.05-x86_64_aarch64-linux-gnu/bin/../lib/gcc/aarch64-linux-gnu/6.3.1/include
 /home/infty/rk3588/rknn_prj/gcc-linaro-6.3.1-2017.05-x86_64_aarch64-linux-gnu/bin/../lib/gcc/aarch64-linux-gnu/6.3.1/include-fixed
 /home/infty/rk3588/rknn_prj/gcc-linaro-6.3.1-2017.05-x86_64_aarch64-linux-gnu/bin/../lib/gcc/aarch64-linux-gnu/6.3.1/../../../../aarch64-linux-gnu/include
 /home/infty/rk3588/rknn_prj/gcc-linaro-6.3.1-2017.05-x86_64_aarch64-linux-gnu/bin/../aarch64-linux-gnu/libc/usr/include
End of search list.
GNU C++14 (Linaro GCC 6.3-2017.05) version 6.3.1 20170404 (aarch64-linux-gnu)
	compiled by GNU C version 4.8.4, GMP version 6.1.0, MPFR version 3.1.4, MPC version 1.0.3, isl version none
GGC heuristics: --param ggc-min-expand=100 --param ggc-min-heapsize=131072
Compiler executable checksum: 9ee4811e921bf53e50227b341e568269
COLLECT_GCC_OPTIONS='-v' '-o' 'CMakeFiles/cmTC_b504f.dir/CMakeCXXCompilerABI.cpp.o' '-c' '-shared-libgcc' '-march=armv8-a' '-mlittle-endian' '-mabi=lp64'
 /home/infty/rk3588/rknn_prj/gcc-linaro-6.3.1-2017.05-x86_64_aarch64-linux-gnu/bin/../lib/gcc/aarch64-linux-gnu/6.3.1/../../../../aarch64-linux-gnu/bin/as -v -EL -march=armv8-a -mabi=lp64 -o CMakeFiles/cmTC_b504f.dir/CMakeCXXCompilerABI.cpp.o /tmp/ccx7SRgQ.s
GNU assembler version 2.27.0 (aarch64-linux-gnu) using BFD version (Linaro_Binutils-2017.05) 2.27.0.20161019
COMPILER_PATH=/home/infty/rk3588/rknn_prj/gcc-linaro-6.3.1-2017.05-x86_64_aarch64-linux-gnu/bin/../libexec/gcc/aarch64-linux-gnu/6.3.1/:/home/infty/rk3588/rknn_prj/gcc-linaro-6.3.1-2017.05-x86_64_aarch64-linux-gnu/bin/../libexec/gcc/aarch64-linux-gnu/:/home/infty/rk3588/rknn_prj/gcc-linaro-6.3.1-2017.05-x86_64_aarch64-linux-gnu/bin/../libexec/gcc/:/home/infty/rk3588/rknn_prj/gcc-linaro-6.3.1-2017.05-x86_64_aarch64-linux-gnu/bin/../lib/gcc/aarch64-linux-gnu/6.3.1/../../../../aarch64-linux-gnu/bin/
LIBRARY_PATH=/home/infty/rk3588/rknn_prj/gcc-linaro-6.3.1-2017.05-x86_64_aarch64-linux-gnu/bin/../lib/gcc/aarch64-linux-gnu/6.3.1/:/home/infty/rk3588/rknn_prj/gcc-linaro-6.3.1-2017.05-x86_64_aarch64-linux-gnu/bin/../lib/gcc/aarch64-linux-gnu/:/home/infty/rk3588/rknn_prj/gcc-linaro-6.3.1-2017.05-x86_64_aarch64-linux-gnu/bin/../lib/gcc/:/home/infty/rk3588/rknn_prj/gcc-linaro-6.3.1-2017.05-x86_64_aarch64-linux-gnu/bin/../lib/gcc/aarch64-linux-gnu/6.3.1/../../../../aarch64-linux-gnu/lib/../lib64/:/home/infty/rk3588/rknn_prj/gcc-linaro-6.3.1-2017.05-x86_64_aarch64-linux-gnu/bin/../lib/gcc/aarch64-linux-gnu/6.3.1/../../../../aarch64-linux-gnu/lib/:/home/infty/rk3588/rknn_prj/gcc-linaro-6.3.1-2017.05-x86_64_aarch64-linux-gnu/bin/../aarch64-linux-gnu/libc/lib/:/home/infty/rk3588/rknn_prj/gcc-linaro-6.3.1-2017.05-x86_64_aarch64-linux-gnu/bin/../aarch64-linux-gnu/libc/usr/lib/
COLLECT_GCC_OPTIONS='-v' '-o' 'CMakeFiles/cmTC_b504f.dir/CMakeCXXCompilerABI.cpp.o' '-c' '-shared-libgcc' '-march=armv8-a' '-mlittle-endian' '-mabi=lp64'
Linking CXX executable cmTC_b504f
/usr/bin/cmake -E cmake_link_script CMakeFiles/cmTC_b504f.dir/link.txt --verbose=1
/home/infty/rk3588/rknn_prj/gcc-linaro-6.3.1-2017.05-x86_64_aarch64-linux-gnu/bin/aarch64-linux-gnu-g++  -v CMakeFiles/cmTC_b504f.dir/CMakeCXXCompilerABI.cpp.o -o cmTC_b504f 
Using built-in specs.
COLLECT_GCC=/home/infty/rk3588/rknn_prj/gcc-linaro-6.3.1-2017.05-x86_64_aarch64-linux-gnu/bin/aarch64-linux-gnu-g++
COLLECT_LTO_WRAPPER=/home/infty/rk3588/rknn_prj/gcc-linaro-6.3.1-2017.05-x86_64_aarch64-linux-gnu/bin/../libexec/gcc/aarch64-linux-gnu/6.3.1/lto-wrapper
Target: aarch64-linux-gnu
Configured with: '/home/tcwg-buildslave/workspace/tcwg-make-release/builder_arch/amd64/label/tcwg-x86_64-build/target/aarch64-linux-gnu/snapshots/gcc.git~linaro-6.3-2017.05/configure' SHELL=/bin/bash --with-mpc=/home/tcwg-buildslave/workspace/tcwg-make-release/builder_arch/amd64/label/tcwg-x86_64-build/target/aarch64-linux-gnu/_build/builds/destdir/x86_64-unknown-linux-gnu --with-mpfr=/home/tcwg-buildslave/workspace/tcwg-make-release/builder_arch/amd64/label/tcwg-x86_64-build/target/aarch64-linux-gnu/_build/builds/destdir/x86_64-unknown-linux-gnu --with-gmp=/home/tcwg-buildslave/workspace/tcwg-make-release/builder_arch/amd64/label/tcwg-x86_64-build/target/aarch64-linux-gnu/_build/builds/destdir/x86_64-unknown-linux-gnu --with-gnu-as --with-gnu-ld --disable-libmudflap --enable-lto --enable-shared --without-included-gettext --enable-nls --disable-sjlj-exceptions --enable-gnu-unique-object --enable-linker-build-id --disable-libstdcxx-pch --enable-c99 --enable-clocale=gnu --enable-libstdcxx-debug --enable-long-long --with-cloog=no --with-ppl=no --with-isl=no --disable-multilib --enable-fix-cortex-a53-835769 --enable-fix-cortex-a53-843419 --with-arch=armv8-a --enable-threads=posix --enable-multiarch --enable-libstdcxx-time=yes --enable-gnu-indirect-function --with-build-sysroot=/home/tcwg-buildslave/workspace/tcwg-make-release/builder_arch/amd64/label/tcwg-x86_64-build/target/aarch64-linux-gnu/_build/sysroots/aarch64-linux-gnu --with-sysroot=/home/tcwg-buildslave/workspace/tcwg-make-release/builder_arch/amd64/label/tcwg-x86_64-build/target/aarch64-linux-gnu/_build/builds/destdir/x86_64-unknown-linux-gnu/aarch64-linux-gnu/libc --enable-checking=release --disable-bootstrap --enable-languages=c,c++,fortran,lto --build=x86_64-unknown-linux-gnu --host=x86_64-unknown-linux-gnu --target=aarch64-linux-gnu --prefix=/home/tcwg-buildslave/workspace/tcwg-make-release/builder_arch/amd64/label/tcwg-x86_64-build/target/aarch64-linux-gnu/_build/builds/destdir/x86_64-unknown-linux-gnu
Thread model: posix
gcc version 6.3.1 20170404 (Linaro GCC 6.3-2017.05) 
COMPILER_PATH=/home/infty/rk3588/rknn_prj/gcc-linaro-6.3.1-2017.05-x86_64_aarch64-linux-gnu/bin/../libexec/gcc/aarch64-linux-gnu/6.3.1/:/home/infty/rk3588/rknn_prj/gcc-linaro-6.3.1-2017.05-x86_64_aarch64-linux-gnu/bin/../libexec/gcc/aarch64-linux-gnu/:/home/infty/rk3588/rknn_prj/gcc-linaro-6.3.1-2017.05-x86_64_aarch64-linux-gnu/bin/../libexec/gcc/:/home/infty/rk3588/rknn_prj/gcc-linaro-6.3.1-2017.05-x86_64_aarch64-linux-gnu/bin/../lib/gcc/aarch64-linux-gnu/6.3.1/../../../../aarch64-linux-gnu/bin/
LIBRARY_PATH=/home/infty/rk3588/rknn_prj/gcc-linaro-6.3.1-2017.05-x86_64_aarch64-linux-gnu/bin/../lib/gcc/aarch64-linux-gnu/6.3.1/:/home/infty/rk3588/rknn_prj/gcc-linaro-6.3.1-2017.05-x86_64_aarch64-linux-gnu/bin/../lib/gcc/aarch64-linux-gnu/:/home/infty/rk3588/rknn_prj/gcc-linaro-6.3.1-2017.05-x86_64_aarch64-linux-gnu/bin/../lib/gcc/:/home/infty/rk3588/rknn_prj/gcc-linaro-6.3.1-2017.05-x86_64_aarch64-linux-gnu/bin/../lib/gcc/aarch64-linux-gnu/6.3.1/../../../../aarch64-linux-gnu/lib/../lib64/:/home/infty/rk3588/rknn_prj/gcc-linaro-6.3.1-2017.05-x86_64_aarch64-linux-gnu/bin/../lib/gcc/aarch64-linux-gnu/6.3.1/../../../../aarch64-linux-gnu/lib/:/home/infty/rk3588/rknn_prj/gcc-linaro-6.3.1-2017.05-x86_64_aarch64-linux-gnu/bin/../aarch64-linux-gnu/libc/lib/:/home/infty/rk3588/rknn_prj/gcc-linaro-6.3.1-2017.05-x86_64_aarch64-linux-gnu/bin/../aarch64-linux-gnu/libc/usr/lib/
COLLECT_GCC_OPTIONS='-v' '-o' 'cmTC_b504f' '-shared-libgcc' '-march=armv8-a' '-mlittle-endian' '-mabi=lp64'
 /home/infty/rk3588/rknn_prj/gcc-linaro-6.3.1-2017.05-x86_64_aarch64-linux-gnu/bin/../libexec/gcc/aarch64-linux-gnu/6.3.1/collect2 -plugin /home/infty/rk3588/rknn_prj/gcc-linaro-6.3.1-2017.05-x86_64_aarch64-linux-gnu/bin/../libexec/gcc/aarch64-linux-gnu/6.3.1/liblto_plugin.so -plugin-opt=/home/infty/rk3588/rknn_prj/gcc-linaro-6.3.1-2017.05-x86_64_aarch64-linux-gnu/bin/../libexec/gcc/aarch64-linux-gnu/6.3.1/lto-wrapper -plugin-opt=-fresolution=/tmp/cc8tESbu.res -plugin-opt=-pass-through=-lgcc_s -plugin-opt=-pass-through=-lgcc -plugin-opt=-pass-through=-lc -plugin-opt=-pass-through=-lgcc_s -plugin-opt=-pass-through=-lgcc --sysroot=/home/infty/rk3588/rknn_prj/gcc-linaro-6.3.1-2017.05-x86_64_aarch64-linux-gnu/bin/../aarch64-linux-gnu/libc --build-id --eh-frame-hdr -dynamic-linker /lib/ld-linux-aarch64.so.1 -X -EL -maarch64linux --fix-cortex-a53-835769 --fix-cortex-a53-843419 -o cmTC_b504f /home/infty/rk3588/rknn_prj/gcc-linaro-6.3.1-2017.05-x86_64_aarch64-linux-gnu/bin/../aarch64-linux-gnu/libc/usr/lib/crt1.o /home/infty/rk3588/rknn_prj/gcc-linaro-6.3.1-2017.05-x86_64_aarch64-linux-gnu/bin/../aarch64-linux-gnu/libc/usr/lib/crti.o /home/infty/rk3588/rknn_prj/gcc-linaro-6.3.1-2017.05-x86_64_aarch64-linux-gnu/bin/../lib/gcc/aarch64-linux-gnu/6.3.1/crtbegin.o -L/home/infty/rk3588/rknn_prj/gcc-linaro-6.3.1-2017.05-x86_64_aarch64-linux-gnu/bin/../lib/gcc/aarch64-linux-gnu/6.3.1 -L/home/infty/rk3588/rknn_prj/gcc-linaro-6.3.1-2017.05-x86_64_aarch64-linux-gnu/bin/../lib/gcc/aarch64-linux-gnu -L/home/infty/rk3588/rknn_prj/gcc-linaro-6.3.1-2017.05-x86_64_aarch64-linux-gnu/bin/../lib/gcc -L/home/infty/rk3588/rknn_prj/gcc-linaro-6.3.1-2017.05-x86_64_aarch64-linux-gnu/bin/../lib/gcc/aarch64-linux-gnu/6.3.1/../../../../aarch64-linux-gnu/lib/../lib64 -L/home/infty/rk3588/rknn_prj/gcc-linaro-6.3.1-2017.05-x86_64_aarch64-linux-gnu/bin/../lib/gcc/aarch64-linux-gnu/6.3.1/../../../../aarch64-linux-gnu/lib -L/home/infty/rk3588/rknn_prj/gcc-linaro-6.3.1-2017.05-x86_64_aarch64-linux-gnu/bin/../aarch64-linux-gnu/libc/lib -L/home/infty/rk3588/rknn_prj/gcc-linaro-6.3.1-2017.05-x86_64_aarch64-linux-gnu/bin/../aarch64-linux-gnu/libc/usr/lib CMakeFiles/cmTC_b504f.dir/CMakeCXXCompilerABI.cpp.o -lstdc++ -lm -lgcc_s -lgcc -lc -lgcc_s -lgcc /home/infty/rk3588/rknn_prj/gcc-linaro-6.3.1-2017.05-x86_64_aarch64-linux-gnu/bin/../lib/gcc/aarch64-linux-gnu/6.3.1/crtend.o /home/infty/rk3588/rknn_prj/gcc-linaro-6.3.1-2017.05-x86_64_aarch64-linux-gnu/bin/../aarch64-linux-gnu/libc/usr/lib/crtn.o
COLLECT_GCC_OPTIONS='-v' '-o' 'cmTC_b504f' '-shared-libgcc' '-march=armv8-a' '-mlittle-endian' '-mabi=lp64'
gmake[1]: Leaving directory '/home/infty/rk3588/rknn_prj/my_prj/build/CMakeFiles/CMakeTmp'



Parsed CXX implicit include dir info from above output: rv=done
  found start of include info
  found start of implicit include info
    add: [/home/infty/rk3588/rknn_prj/gcc-linaro-6.3.1-2017.05-x86_64_aarch64-linux-gnu/bin/../lib/gcc/aarch64-linux-gnu/6.3.1/../../../../aarch64-linux-gnu/include/c++/6.3.1]
    add: [/home/infty/rk3588/rknn_prj/gcc-linaro-6.3.1-2017.05-x86_64_aarch64-linux-gnu/bin/../lib/gcc/aarch64-linux-gnu/6.3.1/../../../../aarch64-linux-gnu/include/c++/6.3.1/aarch64-linux-gnu]
    add: [/home/infty/rk3588/rknn_prj/gcc-linaro-6.3.1-2017.05-x86_64_aarch64-linux-gnu/bin/../lib/gcc/aarch64-linux-gnu/6.3.1/../../../../aarch64-linux-gnu/include/c++/6.3.1/backward]
    add: [/home/infty/rk3588/rknn_prj/gcc-linaro-6.3.1-2017.05-x86_64_aarch64-linux-gnu/bin/../lib/gcc/aarch64-linux-gnu/6.3.1/include]
    add: [/home/infty/rk3588/rknn_prj/gcc-linaro-6.3.1-2017.05-x86_64_aarch64-linux-gnu/bin/../lib/gcc/aarch64-linux-gnu/6.3.1/include-fixed]
    add: [/home/infty/rk3588/rknn_prj/gcc-linaro-6.3.1-2017.05-x86_64_aarch64-linux-gnu/bin/../lib/gcc/aarch64-linux-gnu/6.3.1/../../../../aarch64-linux-gnu/include]
    add: [/home/infty/rk3588/rknn_prj/gcc-linaro-6.3.1-2017.05-x86_64_aarch64-linux-gnu/bin/../aarch64-linux-gnu/libc/usr/include]
  end of search list found
  collapse include dir [/home/infty/rk3588/rknn_prj/gcc-linaro-6.3.1-2017.05-x86_64_aarch64-linux-gnu/bin/../lib/gcc/aarch64-linux-gnu/6.3.1/../../../../aarch64-linux-gnu/include/c++/6.3.1] ==> [/home/infty/rk3588/rknn_prj/gcc-linaro-6.3.1-2017.05-x86_64_aarch64-linux-gnu/aarch64-linux-gnu/include/c++/6.3.1]
  collapse include dir [/home/infty/rk3588/rknn_prj/gcc-linaro-6.3.1-2017.05-x86_64_aarch64-linux-gnu/bin/../lib/gcc/aarch64-linux-gnu/6.3.1/../../../../aarch64-linux-gnu/include/c++/6.3.1/aarch64-linux-gnu] ==> [/home/infty/rk3588/rknn_prj/gcc-linaro-6.3.1-2017.05-x86_64_aarch64-linux-gnu/aarch64-linux-gnu/include/c++/6.3.1/aarch64-linux-gnu]
  collapse include dir [/home/infty/rk3588/rknn_prj/gcc-linaro-6.3.1-2017.05-x86_64_aarch64-linux-gnu/bin/../lib/gcc/aarch64-linux-gnu/6.3.1/../../../../aarch64-linux-gnu/include/c++/6.3.1/backward] ==> [/home/infty/rk3588/rknn_prj/gcc-linaro-6.3.1-2017.05-x86_64_aarch64-linux-gnu/aarch64-linux-gnu/include/c++/6.3.1/backward]
  collapse include dir [/home/infty/rk3588/rknn_prj/gcc-linaro-6.3.1-2017.05-x86_64_aarch64-linux-gnu/bin/../lib/gcc/aarch64-linux-gnu/6.3.1/include] ==> [/home/infty/rk3588/rknn_prj/gcc-linaro-6.3.1-2017.05-x86_64_aarch64-linux-gnu/lib/gcc/aarch64-linux-gnu/6.3.1/include]
  collapse include dir [/home/infty/rk3588/rknn_prj/gcc-linaro-6.3.1-2017.05-x86_64_aarch64-linux-gnu/bin/../lib/gcc/aarch64-linux-gnu/6.3.1/include-fixed] ==> [/home/infty/rk3588/rknn_prj/gcc-linaro-6.3.1-2017.05-x86_64_aarch64-linux-gnu/lib/gcc/aarch64-linux-gnu/6.3.1/include-fixed]
  collapse include dir [/home/infty/rk3588/rknn_prj/gcc-linaro-6.3.1-2017.05-x86_64_aarch64-linux-gnu/bin/../lib/gcc/aarch64-linux-gnu/6.3.1/../../../../aarch64-linux-gnu/include] ==> [/home/infty/rk3588/rknn_prj/gcc-linaro-6.3.1-2017.05-x86_64_aarch64-linux-gnu/aarch64-linux-gnu/include]
  collapse include dir [/home/infty/rk3588/rknn_prj/gcc-linaro-6.3.1-2017.05-x86_64_aarch64-linux-gnu/bin/../aarch64-linux-gnu/libc/usr/include] ==> [/home/infty/rk3588/rknn_prj/gcc-linaro-6.3.1-2017.05-x86_64_aarch64-linux-gnu/aarch64-linux-gnu/libc/usr/include]
  implicit include dirs: [/home/infty/rk3588/rknn_prj/gcc-linaro-6.3.1-2017.05-x86_64_aarch64-linux-gnu/aarch64-linux-gnu/include/c++/6.3.1;/home/infty/rk3588/rknn_prj/gcc-linaro-6.3.1-2017.05-x86_64_aarch64-linux-gnu/aarch64-linux-gnu/include/c++/6.3.1/aarch64-linux-gnu;/home/infty/rk3588/rknn_prj/gcc-linaro-6.3.1-2017.05-x86_64_aarch64-linux-gnu/aarch64-linux-gnu/include/c++/6.3.1/backward;/home/infty/rk3588/rknn_prj/gcc-linaro-6.3.1-2017.05-x86_64_aarch64-linux-gnu/lib/gcc/aarch64-linux-gnu/6.3.1/include;/home/infty/rk3588/rknn_prj/gcc-linaro-6.3.1-2017.05-x86_64_aarch64-linux-gnu/lib/gcc/aarch64-linux-gnu/6.3.1/include-fixed;/home/infty/rk3588/rknn_prj/gcc-linaro-6.3.1-2017.05-x86_64_aarch64-linux-gnu/aarch64-linux-gnu/include;/home/infty/rk3588/rknn_prj/gcc-linaro-6.3.1-2017.05-x86_64_aarch64-linux-gnu/aarch64-linux-gnu/libc/usr/include]


Parsed CXX implicit link information from above output:
  link line regex: [^( *|.*[/\])(aarch64-linux-gnu-ld|CMAKE_LINK_STARTFILE-NOTFOUND|([^/\]+-)?ld|collect2)[^/\]*( |$)]
  ignore line: [Change Dir: /home/infty/rk3588/rknn_prj/my_prj/build/CMakeFiles/CMakeTmp]
  ignore line: []
  ignore line: [Run Build Command(s):/usr/bin/gmake -f Makefile cmTC_b504f/fast && /usr/bin/gmake  -f CMakeFiles/cmTC_b504f.dir/build.make CMakeFiles/cmTC_b504f.dir/build]
  ignore line: [gmake[1]: Entering directory '/home/infty/rk3588/rknn_prj/my_prj/build/CMakeFiles/CMakeTmp']
  ignore line: [Building CXX object CMakeFiles/cmTC_b504f.dir/CMakeCXXCompilerABI.cpp.o]
  ignore line: [/home/infty/rk3588/rknn_prj/gcc-linaro-6.3.1-2017.05-x86_64_aarch64-linux-gnu/bin/aarch64-linux-gnu-g++   -v -o CMakeFiles/cmTC_b504f.dir/CMakeCXXCompilerABI.cpp.o -c /usr/share/cmake-3.22/Modules/CMakeCXXCompilerABI.cpp]
  ignore line: [Using built-in specs.]
  ignore line: [COLLECT_GCC=/home/infty/rk3588/rknn_prj/gcc-linaro-6.3.1-2017.05-x86_64_aarch64-linux-gnu/bin/aarch64-linux-gnu-g++]
  ignore line: [Target: aarch64-linux-gnu]
  ignore line: [Configured with: '/home/tcwg-buildslave/workspace/tcwg-make-release/builder_arch/amd64/label/tcwg-x86_64-build/target/aarch64-linux-gnu/snapshots/gcc.git~linaro-6.3-2017.05/configure' SHELL=/bin/bash --with-mpc=/home/tcwg-buildslave/workspace/tcwg-make-release/builder_arch/amd64/label/tcwg-x86_64-build/target/aarch64-linux-gnu/_build/builds/destdir/x86_64-unknown-linux-gnu --with-mpfr=/home/tcwg-buildslave/workspace/tcwg-make-release/builder_arch/amd64/label/tcwg-x86_64-build/target/aarch64-linux-gnu/_build/builds/destdir/x86_64-unknown-linux-gnu --with-gmp=/home/tcwg-buildslave/workspace/tcwg-make-release/builder_arch/amd64/label/tcwg-x86_64-build/target/aarch64-linux-gnu/_build/builds/destdir/x86_64-unknown-linux-gnu --with-gnu-as --with-gnu-ld --disable-libmudflap --enable-lto --enable-shared --without-included-gettext --enable-nls --disable-sjlj-exceptions --enable-gnu-unique-object --enable-linker-build-id --disable-libstdcxx-pch --enable-c99 --enable-clocale=gnu --enable-libstdcxx-debug --enable-long-long --with-cloog=no --with-ppl=no --with-isl=no --disable-multilib --enable-fix-cortex-a53-835769 --enable-fix-cortex-a53-843419 --with-arch=armv8-a --enable-threads=posix --enable-multiarch --enable-libstdcxx-time=yes --enable-gnu-indirect-function --with-build-sysroot=/home/tcwg-buildslave/workspace/tcwg-make-release/builder_arch/amd64/label/tcwg-x86_64-build/target/aarch64-linux-gnu/_build/sysroots/aarch64-linux-gnu --with-sysroot=/home/tcwg-buildslave/workspace/tcwg-make-release/builder_arch/amd64/label/tcwg-x86_64-build/target/aarch64-linux-gnu/_build/builds/destdir/x86_64-unknown-linux-gnu/aarch64-linux-gnu/libc --enable-checking=release --disable-bootstrap --enable-languages=c,c++,fortran,lto --build=x86_64-unknown-linux-gnu --host=x86_64-unknown-linux-gnu --target=aarch64-linux-gnu --prefix=/home/tcwg-buildslave/workspace/tcwg-make-release/builder_arch/amd64/label/tcwg-x86_64-build/target/aarch64-linux-gnu/_build/builds/destdir/x86_64-unknown-linux-gnu]
  ignore line: [Thread model: posix]
  ignore line: [gcc version 6.3.1 20170404 (Linaro GCC 6.3-2017.05) ]
  ignore line: [COLLECT_GCC_OPTIONS='-v' '-o' 'CMakeFiles/cmTC_b504f.dir/CMakeCXXCompilerABI.cpp.o' '-c' '-shared-libgcc' '-march=armv8-a' '-mlittle-endian' '-mabi=lp64']
  ignore line: [ /home/infty/rk3588/rknn_prj/gcc-linaro-6.3.1-2017.05-x86_64_aarch64-linux-gnu/bin/../libexec/gcc/aarch64-linux-gnu/6.3.1/cc1plus -quiet -v -imultiarch aarch64-linux-gnu -iprefix /home/infty/rk3588/rknn_prj/gcc-linaro-6.3.1-2017.05-x86_64_aarch64-linux-gnu/bin/../lib/gcc/aarch64-linux-gnu/6.3.1/ -isysroot /home/infty/rk3588/rknn_prj/gcc-linaro-6.3.1-2017.05-x86_64_aarch64-linux-gnu/bin/../aarch64-linux-gnu/libc -D_GNU_SOURCE /usr/share/cmake-3.22/Modules/CMakeCXXCompilerABI.cpp -quiet -dumpbase CMakeCXXCompilerABI.cpp -march=armv8-a -mlittle-endian -mabi=lp64 -auxbase-strip CMakeFiles/cmTC_b504f.dir/CMakeCXXCompilerABI.cpp.o -version -o /tmp/ccx7SRgQ.s]
  ignore line: [GNU C++14 (Linaro GCC 6.3-2017.05) version 6.3.1 20170404 (aarch64-linux-gnu)]
  ignore line: [	compiled by GNU C version 4.8.4  GMP version 6.1.0  MPFR version 3.1.4  MPC version 1.0.3  isl version none]
  ignore line: [GGC heuristics: --param ggc-min-expand=100 --param ggc-min-heapsize=131072]
  ignore line: [ignoring duplicate directory "/home/infty/rk3588/rknn_prj/gcc-linaro-6.3.1-2017.05-x86_64_aarch64-linux-gnu/bin/../lib/gcc/../../lib/gcc/aarch64-linux-gnu/6.3.1/../../../../aarch64-linux-gnu/include/c++/6.3.1"]
  ignore line: [ignoring duplicate directory "/home/infty/rk3588/rknn_prj/gcc-linaro-6.3.1-2017.05-x86_64_aarch64-linux-gnu/bin/../lib/gcc/../../lib/gcc/aarch64-linux-gnu/6.3.1/../../../../aarch64-linux-gnu/include/c++/6.3.1/aarch64-linux-gnu"]
  ignore line: [ignoring duplicate directory "/home/infty/rk3588/rknn_prj/gcc-linaro-6.3.1-2017.05-x86_64_aarch64-linux-gnu/bin/../lib/gcc/../../lib/gcc/aarch64-linux-gnu/6.3.1/../../../../aarch64-linux-gnu/include/c++/6.3.1/backward"]
  ignore line: [ignoring duplicate directory "/home/infty/rk3588/rknn_prj/gcc-linaro-6.3.1-2017.05-x86_64_aarch64-linux-gnu/bin/../lib/gcc/../../lib/gcc/aarch64-linux-gnu/6.3.1/include"]
  ignore line: [ignoring nonexistent directory "/home/infty/rk3588/rknn_prj/gcc-linaro-6.3.1-2017.05-x86_64_aarch64-linux-gnu/bin/../aarch64-linux-gnu/libc/usr/local/include/aarch64-linux-gnu"]
  ignore line: [ignoring nonexistent directory "/home/infty/rk3588/rknn_prj/gcc-linaro-6.3.1-2017.05-x86_64_aarch64-linux-gnu/bin/../aarch64-linux-gnu/libc/usr/local/include"]
  ignore line: [ignoring duplicate directory "/home/infty/rk3588/rknn_prj/gcc-linaro-6.3.1-2017.05-x86_64_aarch64-linux-gnu/bin/../lib/gcc/../../lib/gcc/aarch64-linux-gnu/6.3.1/include-fixed"]
  ignore line: [ignoring duplicate directory "/home/infty/rk3588/rknn_prj/gcc-linaro-6.3.1-2017.05-x86_64_aarch64-linux-gnu/bin/../lib/gcc/../../lib/gcc/aarch64-linux-gnu/6.3.1/../../../../aarch64-linux-gnu/include"]
  ignore line: [ignoring nonexistent directory "/home/infty/rk3588/rknn_prj/gcc-linaro-6.3.1-2017.05-x86_64_aarch64-linux-gnu/bin/../aarch64-linux-gnu/libc/usr/include/aarch64-linux-gnu"]
  ignore line: [#include "..." search starts here:]
  ignore line: [#include <...> search starts here:]
  ignore line: [ /home/infty/rk3588/rknn_prj/gcc-linaro-6.3.1-2017.05-x86_64_aarch64-linux-gnu/bin/../lib/gcc/aarch64-linux-gnu/6.3.1/../../../../aarch64-linux-gnu/include/c++/6.3.1]
  ignore line: [ /home/infty/rk3588/rknn_prj/gcc-linaro-6.3.1-2017.05-x86_64_aarch64-linux-gnu/bin/../lib/gcc/aarch64-linux-gnu/6.3.1/../../../../aarch64-linux-gnu/include/c++/6.3.1/aarch64-linux-gnu]
  ignore line: [ /home/infty/rk3588/rknn_prj/gcc-linaro-6.3.1-2017.05-x86_64_aarch64-linux-gnu/bin/../lib/gcc/aarch64-linux-gnu/6.3.1/../../../../aarch64-linux-gnu/include/c++/6.3.1/backward]
  ignore line: [ /home/infty/rk3588/rknn_prj/gcc-linaro-6.3.1-2017.05-x86_64_aarch64-linux-gnu/bin/../lib/gcc/aarch64-linux-gnu/6.3.1/include]
  ignore line: [ /home/infty/rk3588/rknn_prj/gcc-linaro-6.3.1-2017.05-x86_64_aarch64-linux-gnu/bin/../lib/gcc/aarch64-linux-gnu/6.3.1/include-fixed]
  ignore line: [ /home/infty/rk3588/rknn_prj/gcc-linaro-6.3.1-2017.05-x86_64_aarch64-linux-gnu/bin/../lib/gcc/aarch64-linux-gnu/6.3.1/../../../../aarch64-linux-gnu/include]
  ignore line: [ /home/infty/rk3588/rknn_prj/gcc-linaro-6.3.1-2017.05-x86_64_aarch64-linux-gnu/bin/../aarch64-linux-gnu/libc/usr/include]
  ignore line: [End of search list.]
  ignore line: [GNU C++14 (Linaro GCC 6.3-2017.05) version 6.3.1 20170404 (aarch64-linux-gnu)]
  ignore line: [	compiled by GNU C version 4.8.4  GMP version 6.1.0  MPFR version 3.1.4  MPC version 1.0.3  isl version none]
  ignore line: [GGC heuristics: --param ggc-min-expand=100 --param ggc-min-heapsize=131072]
  ignore line: [Compiler executable checksum: 9ee4811e921bf53e50227b341e568269]
  ignore line: [COLLECT_GCC_OPTIONS='-v' '-o' 'CMakeFiles/cmTC_b504f.dir/CMakeCXXCompilerABI.cpp.o' '-c' '-shared-libgcc' '-march=armv8-a' '-mlittle-endian' '-mabi=lp64']
  ignore line: [ /home/infty/rk3588/rknn_prj/gcc-linaro-6.3.1-2017.05-x86_64_aarch64-linux-gnu/bin/../lib/gcc/aarch64-linux-gnu/6.3.1/../../../../aarch64-linux-gnu/bin/as -v -EL -march=armv8-a -mabi=lp64 -o CMakeFiles/cmTC_b504f.dir/CMakeCXXCompilerABI.cpp.o /tmp/ccx7SRgQ.s]
  ignore line: [GNU assembler version 2.27.0 (aarch64-linux-gnu) using BFD version (Linaro_Binutils-2017.05) 2.27.0.20161019]
  ignore line: [COMPILER_PATH=/home/infty/rk3588/rknn_prj/gcc-linaro-6.3.1-2017.05-x86_64_aarch64-linux-gnu/bin/../libexec/gcc/aarch64-linux-gnu/6.3.1/:/home/infty/rk3588/rknn_prj/gcc-linaro-6.3.1-2017.05-x86_64_aarch64-linux-gnu/bin/../libexec/gcc/aarch64-linux-gnu/:/home/infty/rk3588/rknn_prj/gcc-linaro-6.3.1-2017.05-x86_64_aarch64-linux-gnu/bin/../libexec/gcc/:/home/infty/rk3588/rknn_prj/gcc-linaro-6.3.1-2017.05-x86_64_aarch64-linux-gnu/bin/../lib/gcc/aarch64-linux-gnu/6.3.1/../../../../aarch64-linux-gnu/bin/]
  ignore line: [LIBRARY_PATH=/home/infty/rk3588/rknn_prj/gcc-linaro-6.3.1-2017.05-x86_64_aarch64-linux-gnu/bin/../lib/gcc/aarch64-linux-gnu/6.3.1/:/home/infty/rk3588/rknn_prj/gcc-linaro-6.3.1-2017.05-x86_64_aarch64-linux-gnu/bin/../lib/gcc/aarch64-linux-gnu/:/home/infty/rk3588/rknn_prj/gcc-linaro-6.3.1-2017.05-x86_64_aarch64-linux-gnu/bin/../lib/gcc/:/home/infty/rk3588/rknn_prj/gcc-linaro-6.3.1-2017.05-x86_64_aarch64-linux-gnu/bin/../lib/gcc/aarch64-linux-gnu/6.3.1/../../../../aarch64-linux-gnu/lib/../lib64/:/home/infty/rk3588/rknn_prj/gcc-linaro-6.3.1-2017.05-x86_64_aarch64-linux-gnu/bin/../lib/gcc/aarch64-linux-gnu/6.3.1/../../../../aarch64-linux-gnu/lib/:/home/infty/rk3588/rknn_prj/gcc-linaro-6.3.1-2017.05-x86_64_aarch64-linux-gnu/bin/../aarch64-linux-gnu/libc/lib/:/home/infty/rk3588/rknn_prj/gcc-linaro-6.3.1-2017.05-x86_64_aarch64-linux-gnu/bin/../aarch64-linux-gnu/libc/usr/lib/]
  ignore line: [COLLECT_GCC_OPTIONS='-v' '-o' 'CMakeFiles/cmTC_b504f.dir/CMakeCXXCompilerABI.cpp.o' '-c' '-shared-libgcc' '-march=armv8-a' '-mlittle-endian' '-mabi=lp64']
  ignore line: [Linking CXX executable cmTC_b504f]
  ignore line: [/usr/bin/cmake -E cmake_link_script CMakeFiles/cmTC_b504f.dir/link.txt --verbose=1]
  ignore line: [/home/infty/rk3588/rknn_prj/gcc-linaro-6.3.1-2017.05-x86_64_aarch64-linux-gnu/bin/aarch64-linux-gnu-g++  -v CMakeFiles/cmTC_b504f.dir/CMakeCXXCompilerABI.cpp.o -o cmTC_b504f ]
  ignore line: [Using built-in specs.]
  ignore line: [COLLECT_GCC=/home/infty/rk3588/rknn_prj/gcc-linaro-6.3.1-2017.05-x86_64_aarch64-linux-gnu/bin/aarch64-linux-gnu-g++]
  ignore line: [COLLECT_LTO_WRAPPER=/home/infty/rk3588/rknn_prj/gcc-linaro-6.3.1-2017.05-x86_64_aarch64-linux-gnu/bin/../libexec/gcc/aarch64-linux-gnu/6.3.1/lto-wrapper]
  ignore line: [Target: aarch64-linux-gnu]
  ignore line: [Configured with: '/home/tcwg-buildslave/workspace/tcwg-make-release/builder_arch/amd64/label/tcwg-x86_64-build/target/aarch64-linux-gnu/snapshots/gcc.git~linaro-6.3-2017.05/configure' SHELL=/bin/bash --with-mpc=/home/tcwg-buildslave/workspace/tcwg-make-release/builder_arch/amd64/label/tcwg-x86_64-build/target/aarch64-linux-gnu/_build/builds/destdir/x86_64-unknown-linux-gnu --with-mpfr=/home/tcwg-buildslave/workspace/tcwg-make-release/builder_arch/amd64/label/tcwg-x86_64-build/target/aarch64-linux-gnu/_build/builds/destdir/x86_64-unknown-linux-gnu --with-gmp=/home/tcwg-buildslave/workspace/tcwg-make-release/builder_arch/amd64/label/tcwg-x86_64-build/target/aarch64-linux-gnu/_build/builds/destdir/x86_64-unknown-linux-gnu --with-gnu-as --with-gnu-ld --disable-libmudflap --enable-lto --enable-shared --without-included-gettext --enable-nls --disable-sjlj-exceptions --enable-gnu-unique-object --enable-linker-build-id --disable-libstdcxx-pch --enable-c99 --enable-clocale=gnu --enable-libstdcxx-debug --enable-long-long --with-cloog=no --with-ppl=no --with-isl=no --disable-multilib --enable-fix-cortex-a53-835769 --enable-fix-cortex-a53-843419 --with-arch=armv8-a --enable-threads=posix --enable-multiarch --enable-libstdcxx-time=yes --enable-gnu-indirect-function --with-build-sysroot=/home/tcwg-buildslave/workspace/tcwg-make-release/builder_arch/amd64/label/tcwg-x86_64-build/target/aarch64-linux-gnu/_build/sysroots/aarch64-linux-gnu --with-sysroot=/home/tcwg-buildslave/workspace/tcwg-make-release/builder_arch/amd64/label/tcwg-x86_64-build/target/aarch64-linux-gnu/_build/builds/destdir/x86_64-unknown-linux-gnu/aarch64-linux-gnu/libc --enable-checking=release --disable-bootstrap --enable-languages=c,c++,fortran,lto --build=x86_64-unknown-linux-gnu --host=x86_64-unknown-linux-gnu --target=aarch64-linux-gnu --prefix=/home/tcwg-buildslave/workspace/tcwg-make-release/builder_arch/amd64/label/tcwg-x86_64-build/target/aarch64-linux-gnu/_build/builds/destdir/x86_64-unknown-linux-gnu]
  ignore line: [Thread model: posix]
  ignore line: [gcc version 6.3.1 20170404 (Linaro GCC 6.3-2017.05) ]
  ignore line: [COMPILER_PATH=/home/infty/rk3588/rknn_prj/gcc-linaro-6.3.1-2017.05-x86_64_aarch64-linux-gnu/bin/../libexec/gcc/aarch64-linux-gnu/6.3.1/:/home/infty/rk3588/rknn_prj/gcc-linaro-6.3.1-2017.05-x86_64_aarch64-linux-gnu/bin/../libexec/gcc/aarch64-linux-gnu/:/home/infty/rk3588/rknn_prj/gcc-linaro-6.3.1-2017.05-x86_64_aarch64-linux-gnu/bin/../libexec/gcc/:/home/infty/rk3588/rknn_prj/gcc-linaro-6.3.1-2017.05-x86_64_aarch64-linux-gnu/bin/../lib/gcc/aarch64-linux-gnu/6.3.1/../../../../aarch64-linux-gnu/bin/]
  ignore line: [LIBRARY_PATH=/home/infty/rk3588/rknn_prj/gcc-linaro-6.3.1-2017.05-x86_64_aarch64-linux-gnu/bin/../lib/gcc/aarch64-linux-gnu/6.3.1/:/home/infty/rk3588/rknn_prj/gcc-linaro-6.3.1-2017.05-x86_64_aarch64-linux-gnu/bin/../lib/gcc/aarch64-linux-gnu/:/home/infty/rk3588/rknn_prj/gcc-linaro-6.3.1-2017.05-x86_64_aarch64-linux-gnu/bin/../lib/gcc/:/home/infty/rk3588/rknn_prj/gcc-linaro-6.3.1-2017.05-x86_64_aarch64-linux-gnu/bin/../lib/gcc/aarch64-linux-gnu/6.3.1/../../../../aarch64-linux-gnu/lib/../lib64/:/home/infty/rk3588/rknn_prj/gcc-linaro-6.3.1-2017.05-x86_64_aarch64-linux-gnu/bin/../lib/gcc/aarch64-linux-gnu/6.3.1/../../../../aarch64-linux-gnu/lib/:/home/infty/rk3588/rknn_prj/gcc-linaro-6.3.1-2017.05-x86_64_aarch64-linux-gnu/bin/../aarch64-linux-gnu/libc/lib/:/home/infty/rk3588/rknn_prj/gcc-linaro-6.3.1-2017.05-x86_64_aarch64-linux-gnu/bin/../aarch64-linux-gnu/libc/usr/lib/]
  ignore line: [COLLECT_GCC_OPTIONS='-v' '-o' 'cmTC_b504f' '-shared-libgcc' '-march=armv8-a' '-mlittle-endian' '-mabi=lp64']
  link line: [ /home/infty/rk3588/rknn_prj/gcc-linaro-6.3.1-2017.05-x86_64_aarch64-linux-gnu/bin/../libexec/gcc/aarch64-linux-gnu/6.3.1/collect2 -plugin /home/infty/rk3588/rknn_prj/gcc-linaro-6.3.1-2017.05-x86_64_aarch64-linux-gnu/bin/../libexec/gcc/aarch64-linux-gnu/6.3.1/liblto_plugin.so -plugin-opt=/home/infty/rk3588/rknn_prj/gcc-linaro-6.3.1-2017.05-x86_64_aarch64-linux-gnu/bin/../libexec/gcc/aarch64-linux-gnu/6.3.1/lto-wrapper -plugin-opt=-fresolution=/tmp/cc8tESbu.res -plugin-opt=-pass-through=-lgcc_s -plugin-opt=-pass-through=-lgcc -plugin-opt=-pass-through=-lc -plugin-opt=-pass-through=-lgcc_s -plugin-opt=-pass-through=-lgcc --sysroot=/home/infty/rk3588/rknn_prj/gcc-linaro-6.3.1-2017.05-x86_64_aarch64-linux-gnu/bin/../aarch64-linux-gnu/libc --build-id --eh-frame-hdr -dynamic-linker /lib/ld-linux-aarch64.so.1 -X -EL -maarch64linux --fix-cortex-a53-835769 --fix-cortex-a53-843419 -o cmTC_b504f /home/infty/rk3588/rknn_prj/gcc-linaro-6.3.1-2017.05-x86_64_aarch64-linux-gnu/bin/../aarch64-linux-gnu/libc/usr/lib/crt1.o /home/infty/rk3588/rknn_prj/gcc-linaro-6.3.1-2017.05-x86_64_aarch64-linux-gnu/bin/../aarch64-linux-gnu/libc/usr/lib/crti.o /home/infty/rk3588/rknn_prj/gcc-linaro-6.3.1-2017.05-x86_64_aarch64-linux-gnu/bin/../lib/gcc/aarch64-linux-gnu/6.3.1/crtbegin.o -L/home/infty/rk3588/rknn_prj/gcc-linaro-6.3.1-2017.05-x86_64_aarch64-linux-gnu/bin/../lib/gcc/aarch64-linux-gnu/6.3.1 -L/home/infty/rk3588/rknn_prj/gcc-linaro-6.3.1-2017.05-x86_64_aarch64-linux-gnu/bin/../lib/gcc/aarch64-linux-gnu -L/home/infty/rk3588/rknn_prj/gcc-linaro-6.3.1-2017.05-x86_64_aarch64-linux-gnu/bin/../lib/gcc -L/home/infty/rk3588/rknn_prj/gcc-linaro-6.3.1-2017.05-x86_64_aarch64-linux-gnu/bin/../lib/gcc/aarch64-linux-gnu/6.3.1/../../../../aarch64-linux-gnu/lib/../lib64 -L/home/infty/rk3588/rknn_prj/gcc-linaro-6.3.1-2017.05-x86_64_aarch64-linux-gnu/bin/../lib/gcc/aarch64-linux-gnu/6.3.1/../../../../aarch64-linux-gnu/lib -L/home/infty/rk3588/rknn_prj/gcc-linaro-6.3.1-2017.05-x86_64_aarch64-linux-gnu/bin/../aarch64-linux-gnu/libc/lib -L/home/infty/rk3588/rknn_prj/gcc-linaro-6.3.1-2017.05-x86_64_aarch64-linux-gnu/bin/../aarch64-linux-gnu/libc/usr/lib CMakeFiles/cmTC_b504f.dir/CMakeCXXCompilerABI.cpp.o -lstdc++ -lm -lgcc_s -lgcc -lc -lgcc_s -lgcc /home/infty/rk3588/rknn_prj/gcc-linaro-6.3.1-2017.05-x86_64_aarch64-linux-gnu/bin/../lib/gcc/aarch64-linux-gnu/6.3.1/crtend.o /home/infty/rk3588/rknn_prj/gcc-linaro-6.3.1-2017.05-x86_64_aarch64-linux-gnu/bin/../aarch64-linux-gnu/libc/usr/lib/crtn.o]
    arg [/home/infty/rk3588/rknn_prj/gcc-linaro-6.3.1-2017.05-x86_64_aarch64-linux-gnu/bin/../libexec/gcc/aarch64-linux-gnu/6.3.1/collect2] ==> ignore
    arg [-plugin] ==> ignore
    arg [/home/infty/rk3588/rknn_prj/gcc-linaro-6.3.1-2017.05-x86_64_aarch64-linux-gnu/bin/../libexec/gcc/aarch64-linux-gnu/6.3.1/liblto_plugin.so] ==> ignore
    arg [-plugin-opt=/home/infty/rk3588/rknn_prj/gcc-linaro-6.3.1-2017.05-x86_64_aarch64-linux-gnu/bin/../libexec/gcc/aarch64-linux-gnu/6.3.1/lto-wrapper] ==> ignore
    arg [-plugin-opt=-fresolution=/tmp/cc8tESbu.res] ==> ignore
    arg [-plugin-opt=-pass-through=-lgcc_s] ==> ignore
    arg [-plugin-opt=-pass-through=-lgcc] ==> ignore
    arg [-plugin-opt=-pass-through=-lc] ==> ignore
    arg [-plugin-opt=-pass-through=-lgcc_s] ==> ignore
    arg [-plugin-opt=-pass-through=-lgcc] ==> ignore
    arg [--sysroot=/home/infty/rk3588/rknn_prj/gcc-linaro-6.3.1-2017.05-x86_64_aarch64-linux-gnu/bin/../aarch64-linux-gnu/libc] ==> ignore
    arg [--build-id] ==> ignore
    arg [--eh-frame-hdr] ==> ignore
    arg [-dynamic-linker] ==> ignore
    arg [/lib/ld-linux-aarch64.so.1] ==> ignore
    arg [-X] ==> ignore
    arg [-EL] ==> ignore
    arg [-maarch64linux] ==> ignore
    arg [--fix-cortex-a53-835769] ==> ignore
    arg [--fix-cortex-a53-843419] ==> ignore
    arg [-o] ==> ignore
    arg [cmTC_b504f] ==> ignore
    arg [/home/infty/rk3588/rknn_prj/gcc-linaro-6.3.1-2017.05-x86_64_aarch64-linux-gnu/bin/../aarch64-linux-gnu/libc/usr/lib/crt1.o] ==> obj [/home/infty/rk3588/rknn_prj/gcc-linaro-6.3.1-2017.05-x86_64_aarch64-linux-gnu/bin/../aarch64-linux-gnu/libc/usr/lib/crt1.o]
    arg [/home/infty/rk3588/rknn_prj/gcc-linaro-6.3.1-2017.05-x86_64_aarch64-linux-gnu/bin/../aarch64-linux-gnu/libc/usr/lib/crti.o] ==> obj [/home/infty/rk3588/rknn_prj/gcc-linaro-6.3.1-2017.05-x86_64_aarch64-linux-gnu/bin/../aarch64-linux-gnu/libc/usr/lib/crti.o]
    arg [/home/infty/rk3588/rknn_prj/gcc-linaro-6.3.1-2017.05-x86_64_aarch64-linux-gnu/bin/../lib/gcc/aarch64-linux-gnu/6.3.1/crtbegin.o] ==> obj [/home/infty/rk3588/rknn_prj/gcc-linaro-6.3.1-2017.05-x86_64_aarch64-linux-gnu/bin/../lib/gcc/aarch64-linux-gnu/6.3.1/crtbegin.o]
    arg [-L/home/infty/rk3588/rknn_prj/gcc-linaro-6.3.1-2017.05-x86_64_aarch64-linux-gnu/bin/../lib/gcc/aarch64-linux-gnu/6.3.1] ==> dir [/home/infty/rk3588/rknn_prj/gcc-linaro-6.3.1-2017.05-x86_64_aarch64-linux-gnu/bin/../lib/gcc/aarch64-linux-gnu/6.3.1]
    arg [-L/home/infty/rk3588/rknn_prj/gcc-linaro-6.3.1-2017.05-x86_64_aarch64-linux-gnu/bin/../lib/gcc/aarch64-linux-gnu] ==> dir [/home/infty/rk3588/rknn_prj/gcc-linaro-6.3.1-2017.05-x86_64_aarch64-linux-gnu/bin/../lib/gcc/aarch64-linux-gnu]
    arg [-L/home/infty/rk3588/rknn_prj/gcc-linaro-6.3.1-2017.05-x86_64_aarch64-linux-gnu/bin/../lib/gcc] ==> dir [/home/infty/rk3588/rknn_prj/gcc-linaro-6.3.1-2017.05-x86_64_aarch64-linux-gnu/bin/../lib/gcc]
    arg [-L/home/infty/rk3588/rknn_prj/gcc-linaro-6.3.1-2017.05-x86_64_aarch64-linux-gnu/bin/../lib/gcc/aarch64-linux-gnu/6.3.1/../../../../aarch64-linux-gnu/lib/../lib64] ==> dir [/home/infty/rk3588/rknn_prj/gcc-linaro-6.3.1-2017.05-x86_64_aarch64-linux-gnu/bin/../lib/gcc/aarch64-linux-gnu/6.3.1/../../../../aarch64-linux-gnu/lib/../lib64]
    arg [-L/home/infty/rk3588/rknn_prj/gcc-linaro-6.3.1-2017.05-x86_64_aarch64-linux-gnu/bin/../lib/gcc/aarch64-linux-gnu/6.3.1/../../../../aarch64-linux-gnu/lib] ==> dir [/home/infty/rk3588/rknn_prj/gcc-linaro-6.3.1-2017.05-x86_64_aarch64-linux-gnu/bin/../lib/gcc/aarch64-linux-gnu/6.3.1/../../../../aarch64-linux-gnu/lib]
    arg [-L/home/infty/rk3588/rknn_prj/gcc-linaro-6.3.1-2017.05-x86_64_aarch64-linux-gnu/bin/../aarch64-linux-gnu/libc/lib] ==> dir [/home/infty/rk3588/rknn_prj/gcc-linaro-6.3.1-2017.05-x86_64_aarch64-linux-gnu/bin/../aarch64-linux-gnu/libc/lib]
    arg [-L/home/infty/rk3588/rknn_prj/gcc-linaro-6.3.1-2017.05-x86_64_aarch64-linux-gnu/bin/../aarch64-linux-gnu/libc/usr/lib] ==> dir [/home/infty/rk3588/rknn_prj/gcc-linaro-6.3.1-2017.05-x86_64_aarch64-linux-gnu/bin/../aarch64-linux-gnu/libc/usr/lib]
    arg [CMakeFiles/cmTC_b504f.dir/CMakeCXXCompilerABI.cpp.o] ==> ignore
    arg [-lstdc++] ==> lib [stdc++]
    arg [-lm] ==> lib [m]
    arg [-lgcc_s] ==> lib [gcc_s]
    arg [-lgcc] ==> lib [gcc]
    arg [-lc] ==> lib [c]
    arg [-lgcc_s] ==> lib [gcc_s]
    arg [-lgcc] ==> lib [gcc]
    arg [/home/infty/rk3588/rknn_prj/gcc-linaro-6.3.1-2017.05-x86_64_aarch64-linux-gnu/bin/../lib/gcc/aarch64-linux-gnu/6.3.1/crtend.o] ==> obj [/home/infty/rk3588/rknn_prj/gcc-linaro-6.3.1-2017.05-x86_64_aarch64-linux-gnu/bin/../lib/gcc/aarch64-linux-gnu/6.3.1/crtend.o]
    arg [/home/infty/rk3588/rknn_prj/gcc-linaro-6.3.1-2017.05-x86_64_aarch64-linux-gnu/bin/../aarch64-linux-gnu/libc/usr/lib/crtn.o] ==> obj [/home/infty/rk3588/rknn_prj/gcc-linaro-6.3.1-2017.05-x86_64_aarch64-linux-gnu/bin/../aarch64-linux-gnu/libc/usr/lib/crtn.o]
  collapse obj [/home/infty/rk3588/rknn_prj/gcc-linaro-6.3.1-2017.05-x86_64_aarch64-linux-gnu/bin/../aarch64-linux-gnu/libc/usr/lib/crt1.o] ==> [/home/infty/rk3588/rknn_prj/gcc-linaro-6.3.1-2017.05-x86_64_aarch64-linux-gnu/aarch64-linux-gnu/libc/usr/lib/crt1.o]
  collapse obj [/home/infty/rk3588/rknn_prj/gcc-linaro-6.3.1-2017.05-x86_64_aarch64-linux-gnu/bin/../aarch64-linux-gnu/libc/usr/lib/crti.o] ==> [/home/infty/rk3588/rknn_prj/gcc-linaro-6.3.1-2017.05-x86_64_aarch64-linux-gnu/aarch64-linux-gnu/libc/usr/lib/crti.o]
  collapse obj [/home/infty/rk3588/rknn_prj/gcc-linaro-6.3.1-2017.05-x86_64_aarch64-linux-gnu/bin/../lib/gcc/aarch64-linux-gnu/6.3.1/crtbegin.o] ==> [/home/infty/rk3588/rknn_prj/gcc-linaro-6.3.1-2017.05-x86_64_aarch64-linux-gnu/lib/gcc/aarch64-linux-gnu/6.3.1/crtbegin.o]
  collapse obj [/home/infty/rk3588/rknn_prj/gcc-linaro-6.3.1-2017.05-x86_64_aarch64-linux-gnu/bin/../lib/gcc/aarch64-linux-gnu/6.3.1/crtend.o] ==> [/home/infty/rk3588/rknn_prj/gcc-linaro-6.3.1-2017.05-x86_64_aarch64-linux-gnu/lib/gcc/aarch64-linux-gnu/6.3.1/crtend.o]
  collapse obj [/home/infty/rk3588/rknn_prj/gcc-linaro-6.3.1-2017.05-x86_64_aarch64-linux-gnu/bin/../aarch64-linux-gnu/libc/usr/lib/crtn.o] ==> [/home/infty/rk3588/rknn_prj/gcc-linaro-6.3.1-2017.05-x86_64_aarch64-linux-gnu/aarch64-linux-gnu/libc/usr/lib/crtn.o]
  collapse library dir [/home/infty/rk3588/rknn_prj/gcc-linaro-6.3.1-2017.05-x86_64_aarch64-linux-gnu/bin/../lib/gcc/aarch64-linux-gnu/6.3.1] ==> [/home/infty/rk3588/rknn_prj/gcc-linaro-6.3.1-2017.05-x86_64_aarch64-linux-gnu/lib/gcc/aarch64-linux-gnu/6.3.1]
  collapse library dir [/home/infty/rk3588/rknn_prj/gcc-linaro-6.3.1-2017.05-x86_64_aarch64-linux-gnu/bin/../lib/gcc/aarch64-linux-gnu] ==> [/home/infty/rk3588/rknn_prj/gcc-linaro-6.3.1-2017.05-x86_64_aarch64-linux-gnu/lib/gcc/aarch64-linux-gnu]
  collapse library dir [/home/infty/rk3588/rknn_prj/gcc-linaro-6.3.1-2017.05-x86_64_aarch64-linux-gnu/bin/../lib/gcc] ==> [/home/infty/rk3588/rknn_prj/gcc-linaro-6.3.1-2017.05-x86_64_aarch64-linux-gnu/lib/gcc]
  collapse library dir [/home/infty/rk3588/rknn_prj/gcc-linaro-6.3.1-2017.05-x86_64_aarch64-linux-gnu/bin/../lib/gcc/aarch64-linux-gnu/6.3.1/../../../../aarch64-linux-gnu/lib/../lib64] ==> [/home/infty/rk3588/rknn_prj/gcc-linaro-6.3.1-2017.05-x86_64_aarch64-linux-gnu/aarch64-linux-gnu/lib64]
  collapse library dir [/home/infty/rk3588/rknn_prj/gcc-linaro-6.3.1-2017.05-x86_64_aarch64-linux-gnu/bin/../lib/gcc/aarch64-linux-gnu/6.3.1/../../../../aarch64-linux-gnu/lib] ==> [/home/infty/rk3588/rknn_prj/gcc-linaro-6.3.1-2017.05-x86_64_aarch64-linux-gnu/aarch64-linux-gnu/lib]
  collapse library dir [/home/infty/rk3588/rknn_prj/gcc-linaro-6.3.1-2017.05-x86_64_aarch64-linux-gnu/bin/../aarch64-linux-gnu/libc/lib] ==> [/home/infty/rk3588/rknn_prj/gcc-linaro-6.3.1-2017.05-x86_64_aarch64-linux-gnu/aarch64-linux-gnu/libc/lib]
  collapse library dir [/home/infty/rk3588/rknn_prj/gcc-linaro-6.3.1-2017.05-x86_64_aarch64-linux-gnu/bin/../aarch64-linux-gnu/libc/usr/lib] ==> [/home/infty/rk3588/rknn_prj/gcc-linaro-6.3.1-2017.05-x86_64_aarch64-linux-gnu/aarch64-linux-gnu/libc/usr/lib]
  implicit libs: [stdc++;m;gcc_s;gcc;c;gcc_s;gcc]
  implicit objs: [/home/infty/rk3588/rknn_prj/gcc-linaro-6.3.1-2017.05-x86_64_aarch64-linux-gnu/aarch64-linux-gnu/libc/usr/lib/crt1.o;/home/infty/rk3588/rknn_prj/gcc-linaro-6.3.1-2017.05-x86_64_aarch64-linux-gnu/aarch64-linux-gnu/libc/usr/lib/crti.o;/home/infty/rk3588/rknn_prj/gcc-linaro-6.3.1-2017.05-x86_64_aarch64-linux-gnu/lib/gcc/aarch64-linux-gnu/6.3.1/crtbegin.o;/home/infty/rk3588/rknn_prj/gcc-linaro-6.3.1-2017.05-x86_64_aarch64-linux-gnu/lib/gcc/aarch64-linux-gnu/6.3.1/crtend.o;/home/infty/rk3588/rknn_prj/gcc-linaro-6.3.1-2017.05-x86_64_aarch64-linux-gnu/aarch64-linux-gnu/libc/usr/lib/crtn.o]
  implicit dirs: [/home/infty/rk3588/rknn_prj/gcc-linaro-6.3.1-2017.05-x86_64_aarch64-linux-gnu/lib/gcc/aarch64-linux-gnu/6.3.1;/home/infty/rk3588/rknn_prj/gcc-linaro-6.3.1-2017.05-x86_64_aarch64-linux-gnu/lib/gcc/aarch64-linux-gnu;/home/infty/rk3588/rknn_prj/gcc-linaro-6.3.1-2017.05-x86_64_aarch64-linux-gnu/lib/gcc;/home/infty/rk3588/rknn_prj/gcc-linaro-6.3.1-2017.05-x86_64_aarch64-linux-gnu/aarch64-linux-gnu/lib64;/home/infty/rk3588/rknn_prj/gcc-linaro-6.3.1-2017.05-x86_64_aarch64-linux-gnu/aarch64-linux-gnu/lib;/home/infty/rk3588/rknn_prj/gcc-linaro-6.3.1-2017.05-x86_64_aarch64-linux-gnu/aarch64-linux-gnu/libc/lib;/home/infty/rk3588/rknn_prj/gcc-linaro-6.3.1-2017.05-x86_64_aarch64-linux-gnu/aarch64-linux-gnu/libc/usr/lib]
  implicit fwks: []


Determining if the include file pthread.h exists passed with the following output:
Change Dir: /home/infty/rk3588/rknn_prj/my_prj/build/CMakeFiles/CMakeTmp

Run Build Command(s):/usr/bin/gmake -f Makefile cmTC_2a399/fast && /usr/bin/gmake  -f CMakeFiles/cmTC_2a399.dir/build.make CMakeFiles/cmTC_2a399.dir/build
gmake[1]: Entering directory '/home/infty/rk3588/rknn_prj/my_prj/build/CMakeFiles/CMakeTmp'
Building C object CMakeFiles/cmTC_2a399.dir/CheckIncludeFile.c.o
/home/infty/rk3588/rknn_prj/gcc-linaro-6.3.1-2017.05-x86_64_aarch64-linux-gnu/bin/aarch64-linux-gnu-gcc    -o CMakeFiles/cmTC_2a399.dir/CheckIncludeFile.c.o -c /home/infty/rk3588/rknn_prj/my_prj/build/CMakeFiles/CMakeTmp/CheckIncludeFile.c
Linking C executable cmTC_2a399
/usr/bin/cmake -E cmake_link_script CMakeFiles/cmTC_2a399.dir/link.txt --verbose=1
/home/infty/rk3588/rknn_prj/gcc-linaro-6.3.1-2017.05-x86_64_aarch64-linux-gnu/bin/aarch64-linux-gnu-gcc CMakeFiles/cmTC_2a399.dir/CheckIncludeFile.c.o -o cmTC_2a399 
gmake[1]: Leaving directory '/home/infty/rk3588/rknn_prj/my_prj/build/CMakeFiles/CMakeTmp'



